{"numFailedTestSuites":5,"numFailedTests":22,"numPassedTestSuites":12,"numPassedTests":76,"numPendingTestSuites":0,"numPendingTests":0,"numRuntimeErrorTestSuites":0,"numTodoTests":0,"numTotalTestSuites":17,"numTotalTests":98,"openHandles":[],"snapshot":{"added":0,"didUpdate":false,"failure":false,"filesAdded":0,"filesRemoved":0,"filesRemovedList":[],"filesUnmatched":0,"filesUpdated":0,"matched":0,"total":0,"unchecked":0,"uncheckedKeysByFile":[],"unmatched":0,"updated":0},"startTime":1769748885610,"success":false,"testResults":[{"assertionResults":[{"ancestorTitles":["Index HTML"],"duration":9,"failing":false,"failureDetails":[{"errno":-4058,"code":"ENOENT","syscall":"open","path":"C:\\Users\\sergi\\Spartan hub 2.0\\spartan-hub\\index.html"}],"failureMessages":["Error: ENOENT: no such file or directory, open 'C:\\Users\\sergi\\Spartan hub 2.0\\spartan-hub\\index.html'\n    at Object.readFileSync (node:fs:441:20)\n    at Object.<anonymous> (C:\\Users\\sergi\\Spartan hub 2.0\\spartan-hub\\src\\__tests__\\indexHtml.test.js:8:29)\n    at Promise.finally.completed (C:\\Users\\sergi\\Spartan hub 2.0\\spartan-hub\\node_modules\\jest-circus\\build\\jestAdapterInit.js:1557:28)\n    at new Promise (<anonymous>)\n    at callAsyncCircusFn (C:\\Users\\sergi\\Spartan hub 2.0\\spartan-hub\\node_modules\\jest-circus\\build\\jestAdapterInit.js:1497:10)\n    at _callCircusTest (C:\\Users\\sergi\\Spartan hub 2.0\\spartan-hub\\node_modules\\jest-circus\\build\\jestAdapterInit.js:1007:40)\n    at processTicksAndRejections (node:internal/process/task_queues:105:5)\n    at _runTest (C:\\Users\\sergi\\Spartan hub 2.0\\spartan-hub\\node_modules\\jest-circus\\build\\jestAdapterInit.js:947:3)\n    at C:\\Users\\sergi\\Spartan hub 2.0\\spartan-hub\\node_modules\\jest-circus\\build\\jestAdapterInit.js:849:7\n    at _runTestsForDescribeBlock (C:\\Users\\sergi\\Spartan hub 2.0\\spartan-hub\\node_modules\\jest-circus\\build\\jestAdapterInit.js:862:11)\n    at _runTestsForDescribeBlock (C:\\Users\\sergi\\Spartan hub 2.0\\spartan-hub\\node_modules\\jest-circus\\build\\jestAdapterInit.js:857:11)\n    at run (C:\\Users\\sergi\\Spartan hub 2.0\\spartan-hub\\node_modules\\jest-circus\\build\\jestAdapterInit.js:761:3)\n    at runAndTransformResultsToJestFormat (C:\\Users\\sergi\\Spartan hub 2.0\\spartan-hub\\node_modules\\jest-circus\\build\\jestAdapterInit.js:1918:21)\n    at jestAdapter (C:\\Users\\sergi\\Spartan hub 2.0\\spartan-hub\\node_modules\\jest-circus\\build\\runner.js:101:19)\n    at runTestInternal (C:\\Users\\sergi\\Spartan hub 2.0\\spartan-hub\\node_modules\\jest-runner\\build\\testWorker.js:275:16)\n    at runTest (C:\\Users\\sergi\\Spartan hub 2.0\\spartan-hub\\node_modules\\jest-runner\\build\\testWorker.js:343:7)\n    at Object.worker (C:\\Users\\sergi\\Spartan hub 2.0\\spartan-hub\\node_modules\\jest-runner\\build\\testWorker.js:497:12)"],"fullName":"Index HTML should contain the favicon link","invocations":1,"location":null,"numPassingAsserts":0,"retryReasons":[],"startAt":1769748887905,"status":"failed","title":"should contain the favicon link"},{"ancestorTitles":["Index HTML"],"duration":1,"failing":false,"failureDetails":[{"errno":-4058,"code":"ENOENT","syscall":"open","path":"C:\\Users\\sergi\\Spartan hub 2.0\\spartan-hub\\index.html"}],"failureMessages":["Error: ENOENT: no such file or directory, open 'C:\\Users\\sergi\\Spartan hub 2.0\\spartan-hub\\index.html'\n    at Object.readFileSync (node:fs:441:20)\n    at Object.<anonymous> (C:\\Users\\sergi\\Spartan hub 2.0\\spartan-hub\\src\\__tests__\\indexHtml.test.js:15:29)\n    at Promise.finally.completed (C:\\Users\\sergi\\Spartan hub 2.0\\spartan-hub\\node_modules\\jest-circus\\build\\jestAdapterInit.js:1557:28)\n    at new Promise (<anonymous>)\n    at callAsyncCircusFn (C:\\Users\\sergi\\Spartan hub 2.0\\spartan-hub\\node_modules\\jest-circus\\build\\jestAdapterInit.js:1497:10)\n    at _callCircusTest (C:\\Users\\sergi\\Spartan hub 2.0\\spartan-hub\\node_modules\\jest-circus\\build\\jestAdapterInit.js:1007:40)\n    at processTicksAndRejections (node:internal/process/task_queues:105:5)\n    at _runTest (C:\\Users\\sergi\\Spartan hub 2.0\\spartan-hub\\node_modules\\jest-circus\\build\\jestAdapterInit.js:947:3)\n    at C:\\Users\\sergi\\Spartan hub 2.0\\spartan-hub\\node_modules\\jest-circus\\build\\jestAdapterInit.js:849:7\n    at _runTestsForDescribeBlock (C:\\Users\\sergi\\Spartan hub 2.0\\spartan-hub\\node_modules\\jest-circus\\build\\jestAdapterInit.js:862:11)\n    at _runTestsForDescribeBlock (C:\\Users\\sergi\\Spartan hub 2.0\\spartan-hub\\node_modules\\jest-circus\\build\\jestAdapterInit.js:857:11)\n    at run (C:\\Users\\sergi\\Spartan hub 2.0\\spartan-hub\\node_modules\\jest-circus\\build\\jestAdapterInit.js:761:3)\n    at runAndTransformResultsToJestFormat (C:\\Users\\sergi\\Spartan hub 2.0\\spartan-hub\\node_modules\\jest-circus\\build\\jestAdapterInit.js:1918:21)\n    at jestAdapter (C:\\Users\\sergi\\Spartan hub 2.0\\spartan-hub\\node_modules\\jest-circus\\build\\runner.js:101:19)\n    at runTestInternal (C:\\Users\\sergi\\Spartan hub 2.0\\spartan-hub\\node_modules\\jest-runner\\build\\testWorker.js:275:16)\n    at runTest (C:\\Users\\sergi\\Spartan hub 2.0\\spartan-hub\\node_modules\\jest-runner\\build\\testWorker.js:343:7)\n    at Object.worker (C:\\Users\\sergi\\Spartan hub 2.0\\spartan-hub\\node_modules\\jest-runner\\build\\testWorker.js:497:12)"],"fullName":"Index HTML should contain Tailwind CSS CDN link","invocations":1,"location":null,"numPassingAsserts":0,"retryReasons":[],"startAt":1769748887922,"status":"failed","title":"should contain Tailwind CSS CDN link"},{"ancestorTitles":["Index HTML"],"duration":1,"failing":false,"failureDetails":[{"errno":-4058,"code":"ENOENT","syscall":"open","path":"C:\\Users\\sergi\\Spartan hub 2.0\\spartan-hub\\index.html"}],"failureMessages":["Error: ENOENT: no such file or directory, open 'C:\\Users\\sergi\\Spartan hub 2.0\\spartan-hub\\index.html'\n    at Object.readFileSync (node:fs:441:20)\n    at Object.<anonymous> (C:\\Users\\sergi\\Spartan hub 2.0\\spartan-hub\\src\\__tests__\\indexHtml.test.js:22:29)\n    at Promise.finally.completed (C:\\Users\\sergi\\Spartan hub 2.0\\spartan-hub\\node_modules\\jest-circus\\build\\jestAdapterInit.js:1557:28)\n    at new Promise (<anonymous>)\n    at callAsyncCircusFn (C:\\Users\\sergi\\Spartan hub 2.0\\spartan-hub\\node_modules\\jest-circus\\build\\jestAdapterInit.js:1497:10)\n    at _callCircusTest (C:\\Users\\sergi\\Spartan hub 2.0\\spartan-hub\\node_modules\\jest-circus\\build\\jestAdapterInit.js:1007:40)\n    at processTicksAndRejections (node:internal/process/task_queues:105:5)\n    at _runTest (C:\\Users\\sergi\\Spartan hub 2.0\\spartan-hub\\node_modules\\jest-circus\\build\\jestAdapterInit.js:947:3)\n    at C:\\Users\\sergi\\Spartan hub 2.0\\spartan-hub\\node_modules\\jest-circus\\build\\jestAdapterInit.js:849:7\n    at _runTestsForDescribeBlock (C:\\Users\\sergi\\Spartan hub 2.0\\spartan-hub\\node_modules\\jest-circus\\build\\jestAdapterInit.js:862:11)\n    at _runTestsForDescribeBlock (C:\\Users\\sergi\\Spartan hub 2.0\\spartan-hub\\node_modules\\jest-circus\\build\\jestAdapterInit.js:857:11)\n    at run (C:\\Users\\sergi\\Spartan hub 2.0\\spartan-hub\\node_modules\\jest-circus\\build\\jestAdapterInit.js:761:3)\n    at runAndTransformResultsToJestFormat (C:\\Users\\sergi\\Spartan hub 2.0\\spartan-hub\\node_modules\\jest-circus\\build\\jestAdapterInit.js:1918:21)\n    at jestAdapter (C:\\Users\\sergi\\Spartan hub 2.0\\spartan-hub\\node_modules\\jest-circus\\build\\runner.js:101:19)\n    at runTestInternal (C:\\Users\\sergi\\Spartan hub 2.0\\spartan-hub\\node_modules\\jest-runner\\build\\testWorker.js:275:16)\n    at runTest (C:\\Users\\sergi\\Spartan hub 2.0\\spartan-hub\\node_modules\\jest-runner\\build\\testWorker.js:343:7)\n    at Object.worker (C:\\Users\\sergi\\Spartan hub 2.0\\spartan-hub\\node_modules\\jest-runner\\build\\testWorker.js:497:12)"],"fullName":"Index HTML should not contain the problematic import map","invocations":1,"location":null,"numPassingAsserts":0,"retryReasons":[],"startAt":1769748887924,"status":"failed","title":"should not contain the problematic import map"}],"endTime":1769748887961,"message":"  ● Index HTML › should contain the favicon link\n\n    ENOENT: no such file or directory, open 'C:\\Users\\sergi\\Spartan hub 2.0\\spartan-hub\\index.html'\n\n    \u001b[0m \u001b[90m  6 |\u001b[39m   it(\u001b[32m'should contain the favicon link'\u001b[39m\u001b[33m,\u001b[39m () \u001b[33m=>\u001b[39m {\n     \u001b[90m  7 |\u001b[39m     \u001b[36mconst\u001b[39m indexPath \u001b[33m=\u001b[39m path\u001b[33m.\u001b[39mjoin(__dirname\u001b[33m,\u001b[39m \u001b[32m'../../index.html'\u001b[39m)\u001b[33m;\u001b[39m\n    \u001b[31m\u001b[1m>\u001b[22m\u001b[39m\u001b[90m  8 |\u001b[39m     \u001b[36mconst\u001b[39m indexContent \u001b[33m=\u001b[39m fs\u001b[33m.\u001b[39mreadFileSync(indexPath\u001b[33m,\u001b[39m \u001b[32m'utf8'\u001b[39m)\u001b[33m;\u001b[39m\n     \u001b[90m    |\u001b[39m                             \u001b[31m\u001b[1m^\u001b[22m\u001b[39m\n     \u001b[90m  9 |\u001b[39m     \n     \u001b[90m 10 |\u001b[39m     expect(indexContent)\u001b[33m.\u001b[39mtoContain(\u001b[32m'href=\"/vite.svg\"'\u001b[39m)\u001b[33m;\u001b[39m\n     \u001b[90m 11 |\u001b[39m   })\u001b[33m;\u001b[39m\u001b[0m\n\n      at Object.<anonymous> (src/__tests__/indexHtml.test.js:8:29)\n\n  ● Index HTML › should contain Tailwind CSS CDN link\n\n    ENOENT: no such file or directory, open 'C:\\Users\\sergi\\Spartan hub 2.0\\spartan-hub\\index.html'\n\n    \u001b[0m \u001b[90m 13 |\u001b[39m   it(\u001b[32m'should contain Tailwind CSS CDN link'\u001b[39m\u001b[33m,\u001b[39m () \u001b[33m=>\u001b[39m {\n     \u001b[90m 14 |\u001b[39m     \u001b[36mconst\u001b[39m indexPath \u001b[33m=\u001b[39m path\u001b[33m.\u001b[39mjoin(__dirname\u001b[33m,\u001b[39m \u001b[32m'../../index.html'\u001b[39m)\u001b[33m;\u001b[39m\n    \u001b[31m\u001b[1m>\u001b[22m\u001b[39m\u001b[90m 15 |\u001b[39m     \u001b[36mconst\u001b[39m indexContent \u001b[33m=\u001b[39m fs\u001b[33m.\u001b[39mreadFileSync(indexPath\u001b[33m,\u001b[39m \u001b[32m'utf8'\u001b[39m)\u001b[33m;\u001b[39m\n     \u001b[90m    |\u001b[39m                             \u001b[31m\u001b[1m^\u001b[22m\u001b[39m\n     \u001b[90m 16 |\u001b[39m     \n     \u001b[90m 17 |\u001b[39m     expect(indexContent)\u001b[33m.\u001b[39mtoContain(\u001b[32m'cdn.tailwindcss.com'\u001b[39m)\u001b[33m;\u001b[39m\n     \u001b[90m 18 |\u001b[39m   })\u001b[33m;\u001b[39m\u001b[0m\n\n      at Object.<anonymous> (src/__tests__/indexHtml.test.js:15:29)\n\n  ● Index HTML › should not contain the problematic import map\n\n    ENOENT: no such file or directory, open 'C:\\Users\\sergi\\Spartan hub 2.0\\spartan-hub\\index.html'\n\n    \u001b[0m \u001b[90m 20 |\u001b[39m   it(\u001b[32m'should not contain the problematic import map'\u001b[39m\u001b[33m,\u001b[39m () \u001b[33m=>\u001b[39m {\n     \u001b[90m 21 |\u001b[39m     \u001b[36mconst\u001b[39m indexPath \u001b[33m=\u001b[39m path\u001b[33m.\u001b[39mjoin(__dirname\u001b[33m,\u001b[39m \u001b[32m'../../index.html'\u001b[39m)\u001b[33m;\u001b[39m\n    \u001b[31m\u001b[1m>\u001b[22m\u001b[39m\u001b[90m 22 |\u001b[39m     \u001b[36mconst\u001b[39m indexContent \u001b[33m=\u001b[39m fs\u001b[33m.\u001b[39mreadFileSync(indexPath\u001b[33m,\u001b[39m \u001b[32m'utf8'\u001b[39m)\u001b[33m;\u001b[39m\n     \u001b[90m    |\u001b[39m                             \u001b[31m\u001b[1m^\u001b[22m\u001b[39m\n     \u001b[90m 23 |\u001b[39m     \n     \u001b[90m 24 |\u001b[39m     expect(indexContent)\u001b[33m.\u001b[39mnot\u001b[33m.\u001b[39mtoContain(\u001b[32m'aistudiocdn.com'\u001b[39m)\u001b[33m;\u001b[39m\n     \u001b[90m 25 |\u001b[39m   })\u001b[33m;\u001b[39m\u001b[0m\n\n      at Object.<anonymous> (src/__tests__/indexHtml.test.js:22:29)\n","name":"C:\\Users\\sergi\\Spartan hub 2.0\\spartan-hub\\src\\__tests__\\indexHtml.test.js","startTime":1769748886631,"status":"failed","summary":""},{"assertionResults":[{"ancestorTitles":["NPM Scripts Optimization"],"duration":15,"failing":false,"failureDetails":[{"matcherResult":{"actual":"docker-compose -f scripts/docker/docker-compose.yml up -d --build","expected":"docker-compose up -d --build","message":"expect(received).toBe(expected) // Object.is equality\n\nExpected: \"docker-compose up -d --build\"\nReceived: \"docker-compose -f scripts/docker/docker-compose.yml up -d --build\"","name":"toBe","pass":false}}],"failureMessages":["Error: expect(received).toBe(expected) // Object.is equality\n\nExpected: \"docker-compose up -d --build\"\nReceived: \"docker-compose -f scripts/docker/docker-compose.yml up -d --build\"\n    at Object.<anonymous> (C:\\Users\\sergi\\Spartan hub 2.0\\spartan-hub\\src\\__tests__\\scripts.test.js:13:46)\n    at Promise.finally.completed (C:\\Users\\sergi\\Spartan hub 2.0\\spartan-hub\\node_modules\\jest-circus\\build\\jestAdapterInit.js:1557:28)\n    at new Promise (<anonymous>)\n    at callAsyncCircusFn (C:\\Users\\sergi\\Spartan hub 2.0\\spartan-hub\\node_modules\\jest-circus\\build\\jestAdapterInit.js:1497:10)\n    at _callCircusTest (C:\\Users\\sergi\\Spartan hub 2.0\\spartan-hub\\node_modules\\jest-circus\\build\\jestAdapterInit.js:1007:40)\n    at processTicksAndRejections (node:internal/process/task_queues:105:5)\n    at _runTest (C:\\Users\\sergi\\Spartan hub 2.0\\spartan-hub\\node_modules\\jest-circus\\build\\jestAdapterInit.js:947:3)\n    at C:\\Users\\sergi\\Spartan hub 2.0\\spartan-hub\\node_modules\\jest-circus\\build\\jestAdapterInit.js:849:7\n    at _runTestsForDescribeBlock (C:\\Users\\sergi\\Spartan hub 2.0\\spartan-hub\\node_modules\\jest-circus\\build\\jestAdapterInit.js:862:11)\n    at _runTestsForDescribeBlock (C:\\Users\\sergi\\Spartan hub 2.0\\spartan-hub\\node_modules\\jest-circus\\build\\jestAdapterInit.js:857:11)\n    at run (C:\\Users\\sergi\\Spartan hub 2.0\\spartan-hub\\node_modules\\jest-circus\\build\\jestAdapterInit.js:761:3)\n    at runAndTransformResultsToJestFormat (C:\\Users\\sergi\\Spartan hub 2.0\\spartan-hub\\node_modules\\jest-circus\\build\\jestAdapterInit.js:1918:21)\n    at jestAdapter (C:\\Users\\sergi\\Spartan hub 2.0\\spartan-hub\\node_modules\\jest-circus\\build\\runner.js:101:19)\n    at runTestInternal (C:\\Users\\sergi\\Spartan hub 2.0\\spartan-hub\\node_modules\\jest-runner\\build\\testWorker.js:275:16)\n    at runTest (C:\\Users\\sergi\\Spartan hub 2.0\\spartan-hub\\node_modules\\jest-runner\\build\\testWorker.js:343:7)\n    at Object.worker (C:\\Users\\sergi\\Spartan hub 2.0\\spartan-hub\\node_modules\\jest-runner\\build\\testWorker.js:497:12)"],"fullName":"NPM Scripts Optimization docker:up script exists","invocations":1,"location":null,"numPassingAsserts":0,"retryReasons":[],"startAt":1769748887967,"status":"failed","title":"docker:up script exists"},{"ancestorTitles":["NPM Scripts Optimization"],"duration":2,"failing":false,"failureDetails":[{"matcherResult":{"actual":"docker-compose -f scripts/docker/docker-compose.yml down","expected":"docker-compose down","message":"expect(received).toBe(expected) // Object.is equality\n\nExpected: \"docker-compose down\"\nReceived: \"docker-compose -f scripts/docker/docker-compose.yml down\"","name":"toBe","pass":false}}],"failureMessages":["Error: expect(received).toBe(expected) // Object.is equality\n\nExpected: \"docker-compose down\"\nReceived: \"docker-compose -f scripts/docker/docker-compose.yml down\"\n    at Object.<anonymous> (C:\\Users\\sergi\\Spartan hub 2.0\\spartan-hub\\src\\__tests__\\scripts.test.js:17:48)\n    at Promise.finally.completed (C:\\Users\\sergi\\Spartan hub 2.0\\spartan-hub\\node_modules\\jest-circus\\build\\jestAdapterInit.js:1557:28)\n    at new Promise (<anonymous>)\n    at callAsyncCircusFn (C:\\Users\\sergi\\Spartan hub 2.0\\spartan-hub\\node_modules\\jest-circus\\build\\jestAdapterInit.js:1497:10)\n    at _callCircusTest (C:\\Users\\sergi\\Spartan hub 2.0\\spartan-hub\\node_modules\\jest-circus\\build\\jestAdapterInit.js:1007:40)\n    at processTicksAndRejections (node:internal/process/task_queues:105:5)\n    at _runTest (C:\\Users\\sergi\\Spartan hub 2.0\\spartan-hub\\node_modules\\jest-circus\\build\\jestAdapterInit.js:947:3)\n    at C:\\Users\\sergi\\Spartan hub 2.0\\spartan-hub\\node_modules\\jest-circus\\build\\jestAdapterInit.js:849:7\n    at _runTestsForDescribeBlock (C:\\Users\\sergi\\Spartan hub 2.0\\spartan-hub\\node_modules\\jest-circus\\build\\jestAdapterInit.js:862:11)\n    at _runTestsForDescribeBlock (C:\\Users\\sergi\\Spartan hub 2.0\\spartan-hub\\node_modules\\jest-circus\\build\\jestAdapterInit.js:857:11)\n    at run (C:\\Users\\sergi\\Spartan hub 2.0\\spartan-hub\\node_modules\\jest-circus\\build\\jestAdapterInit.js:761:3)\n    at runAndTransformResultsToJestFormat (C:\\Users\\sergi\\Spartan hub 2.0\\spartan-hub\\node_modules\\jest-circus\\build\\jestAdapterInit.js:1918:21)\n    at jestAdapter (C:\\Users\\sergi\\Spartan hub 2.0\\spartan-hub\\node_modules\\jest-circus\\build\\runner.js:101:19)\n    at runTestInternal (C:\\Users\\sergi\\Spartan hub 2.0\\spartan-hub\\node_modules\\jest-runner\\build\\testWorker.js:275:16)\n    at runTest (C:\\Users\\sergi\\Spartan hub 2.0\\spartan-hub\\node_modules\\jest-runner\\build\\testWorker.js:343:7)\n    at Object.worker (C:\\Users\\sergi\\Spartan hub 2.0\\spartan-hub\\node_modules\\jest-runner\\build\\testWorker.js:497:12)"],"fullName":"NPM Scripts Optimization docker:down script exists","invocations":1,"location":null,"numPassingAsserts":0,"retryReasons":[],"startAt":1769748887988,"status":"failed","title":"docker:down script exists"},{"ancestorTitles":["NPM Scripts Optimization"],"duration":2,"failing":false,"failureDetails":[],"failureMessages":[],"fullName":"NPM Scripts Optimization test:backend-suite script exists","invocations":1,"location":null,"numPassingAsserts":1,"retryReasons":[],"startAt":1769748887991,"status":"passed","title":"test:backend-suite script exists"},{"ancestorTitles":["NPM Scripts Optimization"],"duration":5,"failing":false,"failureDetails":[{"matcherResult":{"actual":"node scripts/create-dist.js","expected":"node scripts/createDist.js","message":"expect(received).toBe(expected) // Object.is equality\n\nExpected: \"node scripts/createDist.js\"\nReceived: \"node scripts/create-dist.js\"","name":"toBe","pass":false}}],"failureMessages":["Error: expect(received).toBe(expected) // Object.is equality\n\nExpected: \"node scripts/createDist.js\"\nReceived: \"node scripts/create-dist.js\"\n    at Object.<anonymous> (C:\\Users\\sergi\\Spartan hub 2.0\\spartan-hub\\src\\__tests__\\scripts.test.js:25:41)\n    at Promise.finally.completed (C:\\Users\\sergi\\Spartan hub 2.0\\spartan-hub\\node_modules\\jest-circus\\build\\jestAdapterInit.js:1557:28)\n    at new Promise (<anonymous>)\n    at callAsyncCircusFn (C:\\Users\\sergi\\Spartan hub 2.0\\spartan-hub\\node_modules\\jest-circus\\build\\jestAdapterInit.js:1497:10)\n    at _callCircusTest (C:\\Users\\sergi\\Spartan hub 2.0\\spartan-hub\\node_modules\\jest-circus\\build\\jestAdapterInit.js:1007:40)\n    at processTicksAndRejections (node:internal/process/task_queues:105:5)\n    at _runTest (C:\\Users\\sergi\\Spartan hub 2.0\\spartan-hub\\node_modules\\jest-circus\\build\\jestAdapterInit.js:947:3)\n    at C:\\Users\\sergi\\Spartan hub 2.0\\spartan-hub\\node_modules\\jest-circus\\build\\jestAdapterInit.js:849:7\n    at _runTestsForDescribeBlock (C:\\Users\\sergi\\Spartan hub 2.0\\spartan-hub\\node_modules\\jest-circus\\build\\jestAdapterInit.js:862:11)\n    at _runTestsForDescribeBlock (C:\\Users\\sergi\\Spartan hub 2.0\\spartan-hub\\node_modules\\jest-circus\\build\\jestAdapterInit.js:857:11)\n    at run (C:\\Users\\sergi\\Spartan hub 2.0\\spartan-hub\\node_modules\\jest-circus\\build\\jestAdapterInit.js:761:3)\n    at runAndTransformResultsToJestFormat (C:\\Users\\sergi\\Spartan hub 2.0\\spartan-hub\\node_modules\\jest-circus\\build\\jestAdapterInit.js:1918:21)\n    at jestAdapter (C:\\Users\\sergi\\Spartan hub 2.0\\spartan-hub\\node_modules\\jest-circus\\build\\runner.js:101:19)\n    at runTestInternal (C:\\Users\\sergi\\Spartan hub 2.0\\spartan-hub\\node_modules\\jest-runner\\build\\testWorker.js:275:16)\n    at runTest (C:\\Users\\sergi\\Spartan hub 2.0\\spartan-hub\\node_modules\\jest-runner\\build\\testWorker.js:343:7)\n    at Object.worker (C:\\Users\\sergi\\Spartan hub 2.0\\spartan-hub\\node_modules\\jest-runner\\build\\testWorker.js:497:12)"],"fullName":"NPM Scripts Optimization dist script exists","invocations":1,"location":null,"numPassingAsserts":0,"retryReasons":[],"startAt":1769748887993,"status":"failed","title":"dist script exists"},{"ancestorTitles":["NPM Scripts Optimization"],"duration":2,"failing":false,"failureDetails":[],"failureMessages":[],"fullName":"NPM Scripts Optimization Legacy batch files are removed","invocations":1,"location":null,"numPassingAsserts":4,"retryReasons":[],"startAt":1769748887999,"status":"passed","title":"Legacy batch files are removed"}],"endTime":1769748888042,"message":"  ● NPM Scripts Optimization › docker:up script exists\n\n    expect(received).toBe(expected) // Object.is equality\n\n    Expected: \"docker-compose up -d --build\"\n    Received: \"docker-compose -f scripts/docker/docker-compose.yml up -d --build\"\n\n    \u001b[0m \u001b[90m 11 |\u001b[39m\n     \u001b[90m 12 |\u001b[39m   test(\u001b[32m'docker:up script exists'\u001b[39m\u001b[33m,\u001b[39m () \u001b[33m=>\u001b[39m {\n    \u001b[31m\u001b[1m>\u001b[22m\u001b[39m\u001b[90m 13 |\u001b[39m     expect(packageJson\u001b[33m.\u001b[39mscripts[\u001b[32m'docker:up'\u001b[39m])\u001b[33m.\u001b[39mtoBe(\u001b[32m'docker-compose up -d --build'\u001b[39m)\u001b[33m;\u001b[39m\n     \u001b[90m    |\u001b[39m                                              \u001b[31m\u001b[1m^\u001b[22m\u001b[39m\n     \u001b[90m 14 |\u001b[39m   })\u001b[33m;\u001b[39m\n     \u001b[90m 15 |\u001b[39m\n     \u001b[90m 16 |\u001b[39m   test(\u001b[32m'docker:down script exists'\u001b[39m\u001b[33m,\u001b[39m () \u001b[33m=>\u001b[39m {\u001b[0m\n\n      at Object.<anonymous> (src/__tests__/scripts.test.js:13:46)\n\n  ● NPM Scripts Optimization › docker:down script exists\n\n    expect(received).toBe(expected) // Object.is equality\n\n    Expected: \"docker-compose down\"\n    Received: \"docker-compose -f scripts/docker/docker-compose.yml down\"\n\n    \u001b[0m \u001b[90m 15 |\u001b[39m\n     \u001b[90m 16 |\u001b[39m   test(\u001b[32m'docker:down script exists'\u001b[39m\u001b[33m,\u001b[39m () \u001b[33m=>\u001b[39m {\n    \u001b[31m\u001b[1m>\u001b[22m\u001b[39m\u001b[90m 17 |\u001b[39m     expect(packageJson\u001b[33m.\u001b[39mscripts[\u001b[32m'docker:down'\u001b[39m])\u001b[33m.\u001b[39mtoBe(\u001b[32m'docker-compose down'\u001b[39m)\u001b[33m;\u001b[39m\n     \u001b[90m    |\u001b[39m                                                \u001b[31m\u001b[1m^\u001b[22m\u001b[39m\n     \u001b[90m 18 |\u001b[39m   })\u001b[33m;\u001b[39m\n     \u001b[90m 19 |\u001b[39m\n     \u001b[90m 20 |\u001b[39m   test(\u001b[32m'test:backend-suite script exists'\u001b[39m\u001b[33m,\u001b[39m () \u001b[33m=>\u001b[39m {\u001b[0m\n\n      at Object.<anonymous> (src/__tests__/scripts.test.js:17:48)\n\n  ● NPM Scripts Optimization › dist script exists\n\n    expect(received).toBe(expected) // Object.is equality\n\n    Expected: \"node scripts/createDist.js\"\n    Received: \"node scripts/create-dist.js\"\n\n    \u001b[0m \u001b[90m 23 |\u001b[39m\n     \u001b[90m 24 |\u001b[39m   test(\u001b[32m'dist script exists'\u001b[39m\u001b[33m,\u001b[39m () \u001b[33m=>\u001b[39m {\n    \u001b[31m\u001b[1m>\u001b[22m\u001b[39m\u001b[90m 25 |\u001b[39m     expect(packageJson\u001b[33m.\u001b[39mscripts[\u001b[32m'dist'\u001b[39m])\u001b[33m.\u001b[39mtoBe(\u001b[32m'node scripts/createDist.js'\u001b[39m)\u001b[33m;\u001b[39m\n     \u001b[90m    |\u001b[39m                                         \u001b[31m\u001b[1m^\u001b[22m\u001b[39m\n     \u001b[90m 26 |\u001b[39m   })\u001b[33m;\u001b[39m\n     \u001b[90m 27 |\u001b[39m\n     \u001b[90m 28 |\u001b[39m   test(\u001b[32m'Legacy batch files are removed'\u001b[39m\u001b[33m,\u001b[39m () \u001b[33m=>\u001b[39m {\u001b[0m\n\n      at Object.<anonymous> (src/__tests__/scripts.test.js:25:41)\n","name":"C:\\Users\\sergi\\Spartan hub 2.0\\spartan-hub\\src\\__tests__\\scripts.test.js","startTime":1769748886682,"status":"failed","summary":""},{"assertionResults":[{"ancestorTitles":["Entry Point Validation"],"duration":16,"failing":false,"failureDetails":[{"matcherResult":{"actual":false,"expected":true,"message":"expect(received).toBe(expected) // Object.is equality\n\nExpected: true\nReceived: false","name":"toBe","pass":false}}],"failureMessages":["Error: expect(received).toBe(expected) // Object.is equality\n\nExpected: true\nReceived: false\n    at Object.<anonymous> (C:\\Users\\sergi\\Spartan hub 2.0\\spartan-hub\\src\\__tests__\\entrypoint.test.js:9:42)\n    at Promise.finally.completed (C:\\Users\\sergi\\Spartan hub 2.0\\spartan-hub\\node_modules\\jest-circus\\build\\jestAdapterInit.js:1557:28)\n    at new Promise (<anonymous>)\n    at callAsyncCircusFn (C:\\Users\\sergi\\Spartan hub 2.0\\spartan-hub\\node_modules\\jest-circus\\build\\jestAdapterInit.js:1497:10)\n    at _callCircusTest (C:\\Users\\sergi\\Spartan hub 2.0\\spartan-hub\\node_modules\\jest-circus\\build\\jestAdapterInit.js:1007:40)\n    at processTicksAndRejections (node:internal/process/task_queues:105:5)\n    at _runTest (C:\\Users\\sergi\\Spartan hub 2.0\\spartan-hub\\node_modules\\jest-circus\\build\\jestAdapterInit.js:947:3)\n    at C:\\Users\\sergi\\Spartan hub 2.0\\spartan-hub\\node_modules\\jest-circus\\build\\jestAdapterInit.js:849:7\n    at _runTestsForDescribeBlock (C:\\Users\\sergi\\Spartan hub 2.0\\spartan-hub\\node_modules\\jest-circus\\build\\jestAdapterInit.js:862:11)\n    at _runTestsForDescribeBlock (C:\\Users\\sergi\\Spartan hub 2.0\\spartan-hub\\node_modules\\jest-circus\\build\\jestAdapterInit.js:857:11)\n    at run (C:\\Users\\sergi\\Spartan hub 2.0\\spartan-hub\\node_modules\\jest-circus\\build\\jestAdapterInit.js:761:3)\n    at runAndTransformResultsToJestFormat (C:\\Users\\sergi\\Spartan hub 2.0\\spartan-hub\\node_modules\\jest-circus\\build\\jestAdapterInit.js:1918:21)\n    at jestAdapter (C:\\Users\\sergi\\Spartan hub 2.0\\spartan-hub\\node_modules\\jest-circus\\build\\runner.js:101:19)\n    at runTestInternal (C:\\Users\\sergi\\Spartan hub 2.0\\spartan-hub\\node_modules\\jest-runner\\build\\testWorker.js:275:16)\n    at runTest (C:\\Users\\sergi\\Spartan hub 2.0\\spartan-hub\\node_modules\\jest-runner\\build\\testWorker.js:343:7)\n    at Object.worker (C:\\Users\\sergi\\Spartan hub 2.0\\spartan-hub\\node_modules\\jest-runner\\build\\testWorker.js:497:12)"],"fullName":"Entry Point Validation index.html exists","invocations":1,"location":null,"numPassingAsserts":0,"retryReasons":[],"startAt":1769748887979,"status":"failed","title":"index.html exists"},{"ancestorTitles":["Entry Point Validation"],"duration":1,"failing":false,"failureDetails":[{"errno":-4058,"code":"ENOENT","syscall":"open","path":"C:\\Users\\sergi\\Spartan hub 2.0\\spartan-hub\\index.html"}],"failureMessages":["Error: ENOENT: no such file or directory, open 'C:\\Users\\sergi\\Spartan hub 2.0\\spartan-hub\\index.html'\n    at Object.readFileSync (node:fs:441:20)\n    at Object.<anonymous> (C:\\Users\\sergi\\Spartan hub 2.0\\spartan-hub\\src\\__tests__\\entrypoint.test.js:13:28)\n    at Promise.finally.completed (C:\\Users\\sergi\\Spartan hub 2.0\\spartan-hub\\node_modules\\jest-circus\\build\\jestAdapterInit.js:1557:28)\n    at new Promise (<anonymous>)\n    at callAsyncCircusFn (C:\\Users\\sergi\\Spartan hub 2.0\\spartan-hub\\node_modules\\jest-circus\\build\\jestAdapterInit.js:1497:10)\n    at _callCircusTest (C:\\Users\\sergi\\Spartan hub 2.0\\spartan-hub\\node_modules\\jest-circus\\build\\jestAdapterInit.js:1007:40)\n    at processTicksAndRejections (node:internal/process/task_queues:105:5)\n    at _runTest (C:\\Users\\sergi\\Spartan hub 2.0\\spartan-hub\\node_modules\\jest-circus\\build\\jestAdapterInit.js:947:3)\n    at C:\\Users\\sergi\\Spartan hub 2.0\\spartan-hub\\node_modules\\jest-circus\\build\\jestAdapterInit.js:849:7\n    at _runTestsForDescribeBlock (C:\\Users\\sergi\\Spartan hub 2.0\\spartan-hub\\node_modules\\jest-circus\\build\\jestAdapterInit.js:862:11)\n    at _runTestsForDescribeBlock (C:\\Users\\sergi\\Spartan hub 2.0\\spartan-hub\\node_modules\\jest-circus\\build\\jestAdapterInit.js:857:11)\n    at run (C:\\Users\\sergi\\Spartan hub 2.0\\spartan-hub\\node_modules\\jest-circus\\build\\jestAdapterInit.js:761:3)\n    at runAndTransformResultsToJestFormat (C:\\Users\\sergi\\Spartan hub 2.0\\spartan-hub\\node_modules\\jest-circus\\build\\jestAdapterInit.js:1918:21)\n    at jestAdapter (C:\\Users\\sergi\\Spartan hub 2.0\\spartan-hub\\node_modules\\jest-circus\\build\\runner.js:101:19)\n    at runTestInternal (C:\\Users\\sergi\\Spartan hub 2.0\\spartan-hub\\node_modules\\jest-runner\\build\\testWorker.js:275:16)\n    at runTest (C:\\Users\\sergi\\Spartan hub 2.0\\spartan-hub\\node_modules\\jest-runner\\build\\testWorker.js:343:7)\n    at Object.worker (C:\\Users\\sergi\\Spartan hub 2.0\\spartan-hub\\node_modules\\jest-runner\\build\\testWorker.js:497:12)"],"fullName":"Entry Point Validation index.html references src/index.tsx or src/main.tsx","invocations":1,"location":null,"numPassingAsserts":0,"retryReasons":[],"startAt":1769748888002,"status":"failed","title":"index.html references src/index.tsx or src/main.tsx"}],"endTime":1769748888059,"message":"  ● Entry Point Validation › index.html exists\n\n    expect(received).toBe(expected) // Object.is equality\n\n    Expected: true\n    Received: false\n\n    \u001b[0m \u001b[90m  7 |\u001b[39m   \n     \u001b[90m  8 |\u001b[39m   test(\u001b[32m'index.html exists'\u001b[39m\u001b[33m,\u001b[39m () \u001b[33m=>\u001b[39m {\n    \u001b[31m\u001b[1m>\u001b[22m\u001b[39m\u001b[90m  9 |\u001b[39m     expect(fs\u001b[33m.\u001b[39mexistsSync(indexHtmlPath))\u001b[33m.\u001b[39mtoBe(\u001b[36mtrue\u001b[39m)\u001b[33m;\u001b[39m\n     \u001b[90m    |\u001b[39m                                          \u001b[31m\u001b[1m^\u001b[22m\u001b[39m\n     \u001b[90m 10 |\u001b[39m   })\u001b[33m;\u001b[39m\n     \u001b[90m 11 |\u001b[39m\n     \u001b[90m 12 |\u001b[39m   test(\u001b[32m'index.html references src/index.tsx or src/main.tsx'\u001b[39m\u001b[33m,\u001b[39m () \u001b[33m=>\u001b[39m {\u001b[0m\n\n      at Object.<anonymous> (src/__tests__/entrypoint.test.js:9:42)\n\n  ● Entry Point Validation › index.html references src/index.tsx or src/main.tsx\n\n    ENOENT: no such file or directory, open 'C:\\Users\\sergi\\Spartan hub 2.0\\spartan-hub\\index.html'\n\n    \u001b[0m \u001b[90m 11 |\u001b[39m\n     \u001b[90m 12 |\u001b[39m   test(\u001b[32m'index.html references src/index.tsx or src/main.tsx'\u001b[39m\u001b[33m,\u001b[39m () \u001b[33m=>\u001b[39m {\n    \u001b[31m\u001b[1m>\u001b[22m\u001b[39m\u001b[90m 13 |\u001b[39m     \u001b[36mconst\u001b[39m htmlContent \u001b[33m=\u001b[39m fs\u001b[33m.\u001b[39mreadFileSync(indexHtmlPath\u001b[33m,\u001b[39m \u001b[32m'utf-8'\u001b[39m)\u001b[33m;\u001b[39m\n     \u001b[90m    |\u001b[39m                            \u001b[31m\u001b[1m^\u001b[22m\u001b[39m\n     \u001b[90m 14 |\u001b[39m     \u001b[36mconst\u001b[39m hasIndexTsx \u001b[33m=\u001b[39m htmlContent\u001b[33m.\u001b[39mincludes(\u001b[32m'src=\"/src/index.tsx\"'\u001b[39m)\u001b[33m;\u001b[39m\n     \u001b[90m 15 |\u001b[39m     \u001b[36mconst\u001b[39m hasMainTsx \u001b[33m=\u001b[39m htmlContent\u001b[33m.\u001b[39mincludes(\u001b[32m'src=\"/src/main.tsx\"'\u001b[39m)\u001b[33m;\u001b[39m\n     \u001b[90m 16 |\u001b[39m     \u001b[0m\n\n      at Object.<anonymous> (src/__tests__/entrypoint.test.js:13:28)\n","name":"C:\\Users\\sergi\\Spartan hub 2.0\\spartan-hub\\src\\__tests__\\entrypoint.test.js","startTime":1769748886687,"status":"failed","summary":""},{"assertionResults":[{"ancestorTitles":["Suggestion Service"],"duration":166,"failing":false,"failureDetails":[],"failureMessages":[],"fullName":"Suggestion Service should be able to import the suggestion service","invocations":1,"location":null,"numPassingAsserts":1,"retryReasons":[],"startAt":1769748888005,"status":"passed","title":"should be able to import the suggestion service"},{"ancestorTitles":["Suggestion Service"],"duration":1,"failing":false,"failureDetails":[],"failureMessages":[],"fullName":"Suggestion Service should have SuggestionService class","invocations":1,"location":null,"numPassingAsserts":1,"retryReasons":[],"startAt":1769748888173,"status":"passed","title":"should have SuggestionService class"},{"ancestorTitles":["Suggestion Service"],"duration":1,"failing":false,"failureDetails":[],"failureMessages":[],"fullName":"Suggestion Service should have getAutomaticSuggestions method","invocations":1,"location":null,"numPassingAsserts":1,"retryReasons":[],"startAt":1769748888174,"status":"passed","title":"should have getAutomaticSuggestions method"},{"ancestorTitles":["Suggestion Service"],"duration":2,"failing":false,"failureDetails":[],"failureMessages":[],"fullName":"Suggestion Service should have getSuggestionsForAiError method","invocations":1,"location":null,"numPassingAsserts":1,"retryReasons":[],"startAt":1769748888175,"status":"passed","title":"should have getSuggestionsForAiError method"},{"ancestorTitles":["Suggestion Service"],"duration":2,"failing":false,"failureDetails":[],"failureMessages":[],"fullName":"Suggestion Service should have getSetupSuggestions method","invocations":1,"location":null,"numPassingAsserts":1,"retryReasons":[],"startAt":1769748888182,"status":"passed","title":"should have getSetupSuggestions method"}],"endTime":1769748888187,"message":"","name":"C:\\Users\\sergi\\Spartan hub 2.0\\spartan-hub\\src\\__tests__\\suggestionService.test.js","startTime":1769748886768,"status":"passed","summary":""},{"assertionResults":[{"ancestorTitles":["PoseDetectionService","Service Initialization"],"duration":14,"failing":false,"failureDetails":[],"failureMessages":[],"fullName":"PoseDetectionService Service Initialization should create service instance","invocations":1,"location":null,"numPassingAsserts":2,"retryReasons":[],"startAt":1769748888296,"status":"passed","title":"should create service instance"},{"ancestorTitles":["PoseDetectionService","Service Initialization"],"duration":3,"failing":false,"failureDetails":[],"failureMessages":[],"fullName":"PoseDetectionService Service Initialization should initialize state correctly","invocations":1,"location":null,"numPassingAsserts":4,"retryReasons":[],"startAt":1769748888311,"status":"passed","title":"should initialize state correctly"},{"ancestorTitles":["PoseDetectionService","Service Initialization"],"duration":1,"failing":false,"failureDetails":[{}],"failureMessages":["ReferenceError: document is not defined\n    at Object.<anonymous> (C:\\Users\\sergi\\Spartan hub 2.0\\spartan-hub\\src\\__tests__\\services\\poseDetection.test.ts:39:25)\n    at Promise.finally.completed (C:\\Users\\sergi\\Spartan hub 2.0\\spartan-hub\\node_modules\\jest-circus\\build\\jestAdapterInit.js:1557:28)\n    at new Promise (<anonymous>)\n    at callAsyncCircusFn (C:\\Users\\sergi\\Spartan hub 2.0\\spartan-hub\\node_modules\\jest-circus\\build\\jestAdapterInit.js:1497:10)\n    at _callCircusTest (C:\\Users\\sergi\\Spartan hub 2.0\\spartan-hub\\node_modules\\jest-circus\\build\\jestAdapterInit.js:1007:40)\n    at processTicksAndRejections (node:internal/process/task_queues:105:5)\n    at _runTest (C:\\Users\\sergi\\Spartan hub 2.0\\spartan-hub\\node_modules\\jest-circus\\build\\jestAdapterInit.js:947:3)\n    at C:\\Users\\sergi\\Spartan hub 2.0\\spartan-hub\\node_modules\\jest-circus\\build\\jestAdapterInit.js:849:7\n    at _runTestsForDescribeBlock (C:\\Users\\sergi\\Spartan hub 2.0\\spartan-hub\\node_modules\\jest-circus\\build\\jestAdapterInit.js:862:11)\n    at _runTestsForDescribeBlock (C:\\Users\\sergi\\Spartan hub 2.0\\spartan-hub\\node_modules\\jest-circus\\build\\jestAdapterInit.js:857:11)\n    at _runTestsForDescribeBlock (C:\\Users\\sergi\\Spartan hub 2.0\\spartan-hub\\node_modules\\jest-circus\\build\\jestAdapterInit.js:857:11)\n    at run (C:\\Users\\sergi\\Spartan hub 2.0\\spartan-hub\\node_modules\\jest-circus\\build\\jestAdapterInit.js:761:3)\n    at runAndTransformResultsToJestFormat (C:\\Users\\sergi\\Spartan hub 2.0\\spartan-hub\\node_modules\\jest-circus\\build\\jestAdapterInit.js:1918:21)\n    at jestAdapter (C:\\Users\\sergi\\Spartan hub 2.0\\spartan-hub\\node_modules\\jest-circus\\build\\runner.js:101:19)\n    at runTestInternal (C:\\Users\\sergi\\Spartan hub 2.0\\spartan-hub\\node_modules\\jest-runner\\build\\testWorker.js:275:16)\n    at runTest (C:\\Users\\sergi\\Spartan hub 2.0\\spartan-hub\\node_modules\\jest-runner\\build\\testWorker.js:343:7)\n    at Object.worker (C:\\Users\\sergi\\Spartan hub 2.0\\spartan-hub\\node_modules\\jest-runner\\build\\testWorker.js:497:12)"],"fullName":"PoseDetectionService Service Initialization should throw error if detect called before initialize","invocations":1,"location":null,"numPassingAsserts":0,"retryReasons":[],"startAt":1769748888315,"status":"failed","title":"should throw error if detect called before initialize"},{"ancestorTitles":["PoseDetectionService","Service Lifecycle"],"duration":1,"failing":false,"failureDetails":[],"failureMessages":[],"fullName":"PoseDetectionService Service Lifecycle should close service and cleanup resources","invocations":1,"location":null,"numPassingAsserts":1,"retryReasons":[],"startAt":1769748888332,"status":"passed","title":"should close service and cleanup resources"},{"ancestorTitles":["PoseDetectionService","Service Lifecycle"],"duration":2,"failing":false,"failureDetails":[],"failureMessages":[],"fullName":"PoseDetectionService Service Lifecycle should reset frame counter","invocations":1,"location":null,"numPassingAsserts":2,"retryReasons":[],"startAt":1769748888334,"status":"passed","title":"should reset frame counter"},{"ancestorTitles":["PoseDetectionService","Service Behavior"],"duration":2,"failing":false,"failureDetails":[],"failureMessages":[],"fullName":"PoseDetectionService Service Behavior should return PoseFrame structure with all required fields","invocations":1,"location":null,"numPassingAsserts":3,"retryReasons":[],"startAt":1769748888336,"status":"passed","title":"should return PoseFrame structure with all required fields"},{"ancestorTitles":["PoseDetectionService","Service Behavior"],"duration":2,"failing":false,"failureDetails":[],"failureMessages":[],"fullName":"PoseDetectionService Service Behavior should return valid landmark structure","invocations":1,"location":null,"numPassingAsserts":4,"retryReasons":[],"startAt":1769748888339,"status":"passed","title":"should return valid landmark structure"},{"ancestorTitles":["PoseDetectionService","Error Handling"],"duration":3,"failing":false,"failureDetails":[],"failureMessages":[],"fullName":"PoseDetectionService Error Handling should handle close gracefully","invocations":1,"location":null,"numPassingAsserts":1,"retryReasons":[],"startAt":1769748888342,"status":"passed","title":"should handle close gracefully"}],"endTime":1769748888405,"message":"  ● PoseDetectionService › Service Initialization › should throw error if detect called before initialize\n\n    The error below may be caused by using the wrong test environment, see https://jestjs.io/docs/configuration#testenvironment-string.\n    Consider using the \"jsdom\" test environment.\n\n    ReferenceError: document is not defined\n\n    \u001b[0m \u001b[90m 37 |\u001b[39m\n     \u001b[90m 38 |\u001b[39m     test(\u001b[32m'should throw error if detect called before initialize'\u001b[39m\u001b[33m,\u001b[39m () \u001b[33m=>\u001b[39m {\n    \u001b[31m\u001b[1m>\u001b[22m\u001b[39m\u001b[90m 39 |\u001b[39m       \u001b[36mconst\u001b[39m mockVideo \u001b[33m=\u001b[39m document\u001b[33m.\u001b[39mcreateElement(\u001b[32m'video'\u001b[39m) \u001b[36mas\u001b[39m \u001b[33mHTMLVideoElement\u001b[39m\u001b[33m;\u001b[39m\n     \u001b[90m    |\u001b[39m                         \u001b[31m\u001b[1m^\u001b[22m\u001b[39m\n     \u001b[90m 40 |\u001b[39m       expect(() \u001b[33m=>\u001b[39m {\n     \u001b[90m 41 |\u001b[39m         service\u001b[33m.\u001b[39mdetect(mockVideo\u001b[33m,\u001b[39m \u001b[33mDate\u001b[39m\u001b[33m.\u001b[39mnow())\u001b[33m;\u001b[39m\n     \u001b[90m 42 |\u001b[39m       })\u001b[33m.\u001b[39mtoThrow(\u001b[32m'Pose Landmarker not initialized'\u001b[39m)\u001b[33m;\u001b[39m\u001b[0m\n\n      at Object.<anonymous> (src/__tests__/services/poseDetection.test.ts:39:25)\n","name":"C:\\Users\\sergi\\Spartan hub 2.0\\spartan-hub\\src\\__tests__\\services\\poseDetection.test.ts","startTime":1769748886707,"status":"failed","summary":""},{"assertionResults":[{"ancestorTitles":["Error Report Button Component"],"duration":185,"failing":false,"failureDetails":[],"failureMessages":[],"fullName":"Error Report Button Component should be able to import ErrorReportButton component","invocations":1,"location":null,"numPassingAsserts":1,"retryReasons":[],"startAt":1769748888372,"status":"passed","title":"should be able to import ErrorReportButton component"}],"endTime":1769748888561,"message":"","name":"C:\\Users\\sergi\\Spartan hub 2.0\\spartan-hub\\src\\__tests__\\errorReportButton.test.js","startTime":1769748888078,"status":"passed","summary":""},{"assertionResults":[{"ancestorTitles":["Input Sanitization Utilities","sanitizeInput"],"duration":19,"failing":false,"failureDetails":[],"failureMessages":[],"fullName":"Input Sanitization Utilities sanitizeInput should sanitize HTML special characters","invocations":1,"location":null,"numPassingAsserts":1,"retryReasons":[],"startAt":1769748888562,"status":"passed","title":"should sanitize HTML special characters"},{"ancestorTitles":["Input Sanitization Utilities","sanitizeInput"],"duration":1,"failing":false,"failureDetails":[],"failureMessages":[],"fullName":"Input Sanitization Utilities sanitizeInput should handle empty strings","invocations":1,"location":null,"numPassingAsserts":1,"retryReasons":[],"startAt":1769748888584,"status":"passed","title":"should handle empty strings"},{"ancestorTitles":["Input Sanitization Utilities","sanitizeInput"],"duration":1,"failing":false,"failureDetails":[],"failureMessages":[],"fullName":"Input Sanitization Utilities sanitizeInput should handle non-string inputs gracefully","invocations":1,"location":null,"numPassingAsserts":1,"retryReasons":[],"startAt":1769748888585,"status":"passed","title":"should handle non-string inputs gracefully"},{"ancestorTitles":["Input Sanitization Utilities","sanitizeInput"],"duration":2,"failing":false,"failureDetails":[],"failureMessages":[],"fullName":"Input Sanitization Utilities sanitizeInput should sanitize complex XSS attempts","invocations":1,"location":null,"numPassingAsserts":1,"retryReasons":[],"startAt":1769748888586,"status":"passed","title":"should sanitize complex XSS attempts"},{"ancestorTitles":["Input Sanitization Utilities","validateAndSanitizeString"],"duration":2,"failing":false,"failureDetails":[],"failureMessages":[],"fullName":"Input Sanitization Utilities validateAndSanitizeString should validate and sanitize valid strings","invocations":1,"location":null,"numPassingAsserts":2,"retryReasons":[],"startAt":1769748888588,"status":"passed","title":"should validate and sanitize valid strings"},{"ancestorTitles":["Input Sanitization Utilities","validateAndSanitizeString"],"duration":2,"failing":false,"failureDetails":[],"failureMessages":[],"fullName":"Input Sanitization Utilities validateAndSanitizeString should reject strings shorter than minimum length","invocations":1,"location":null,"numPassingAsserts":2,"retryReasons":[],"startAt":1769748888590,"status":"passed","title":"should reject strings shorter than minimum length"},{"ancestorTitles":["Input Sanitization Utilities","validateAndSanitizeString"],"duration":7,"failing":false,"failureDetails":[],"failureMessages":[],"fullName":"Input Sanitization Utilities validateAndSanitizeString should reject strings longer than maximum length","invocations":1,"location":null,"numPassingAsserts":2,"retryReasons":[],"startAt":1769748888592,"status":"passed","title":"should reject strings longer than maximum length"},{"ancestorTitles":["Input Sanitization Utilities","validateAndSanitizeString"],"duration":2,"failing":false,"failureDetails":[],"failureMessages":[],"fullName":"Input Sanitization Utilities validateAndSanitizeString should reject non-string inputs","invocations":1,"location":null,"numPassingAsserts":2,"retryReasons":[],"startAt":1769748888599,"status":"passed","title":"should reject non-string inputs"},{"ancestorTitles":["Input Sanitization Utilities","sanitizeNumericInput"],"duration":2,"failing":false,"failureDetails":[],"failureMessages":[],"fullName":"Input Sanitization Utilities sanitizeNumericInput should sanitize valid numeric strings","invocations":1,"location":null,"numPassingAsserts":2,"retryReasons":[],"startAt":1769748888601,"status":"passed","title":"should sanitize valid numeric strings"},{"ancestorTitles":["Input Sanitization Utilities","sanitizeNumericInput"],"duration":1,"failing":false,"failureDetails":[],"failureMessages":[],"fullName":"Input Sanitization Utilities sanitizeNumericInput should validate minimum value","invocations":1,"location":null,"numPassingAsserts":2,"retryReasons":[],"startAt":1769748888604,"status":"passed","title":"should validate minimum value"},{"ancestorTitles":["Input Sanitization Utilities","sanitizeNumericInput"],"duration":1,"failing":false,"failureDetails":[],"failureMessages":[],"fullName":"Input Sanitization Utilities sanitizeNumericInput should validate maximum value","invocations":1,"location":null,"numPassingAsserts":2,"retryReasons":[],"startAt":1769748888605,"status":"passed","title":"should validate maximum value"},{"ancestorTitles":["Input Sanitization Utilities","sanitizeNumericInput"],"duration":1,"failing":false,"failureDetails":[],"failureMessages":[],"fullName":"Input Sanitization Utilities sanitizeNumericInput should reject invalid numeric strings","invocations":1,"location":null,"numPassingAsserts":2,"retryReasons":[],"startAt":1769748888607,"status":"passed","title":"should reject invalid numeric strings"},{"ancestorTitles":["Input Sanitization Utilities","sanitizeUrlInput"],"duration":2,"failing":false,"failureDetails":[],"failureMessages":[],"fullName":"Input Sanitization Utilities sanitizeUrlInput should sanitize valid URLs","invocations":1,"location":null,"numPassingAsserts":2,"retryReasons":[],"startAt":1769748888609,"status":"passed","title":"should sanitize valid URLs"},{"ancestorTitles":["Input Sanitization Utilities","sanitizeUrlInput"],"duration":1,"failing":false,"failureDetails":[],"failureMessages":[],"fullName":"Input Sanitization Utilities sanitizeUrlInput should reject invalid URLs","invocations":1,"location":null,"numPassingAsserts":2,"retryReasons":[],"startAt":1769748888611,"status":"passed","title":"should reject invalid URLs"},{"ancestorTitles":["Input Sanitization Utilities","sanitizeUrlInput"],"duration":1,"failing":false,"failureDetails":[],"failureMessages":[],"fullName":"Input Sanitization Utilities sanitizeUrlInput should reject non-HTTPS URLs","invocations":1,"location":null,"numPassingAsserts":2,"retryReasons":[],"startAt":1769748888613,"status":"passed","title":"should reject non-HTTPS URLs"},{"ancestorTitles":["Input Sanitization Utilities","sanitizeEmailInput"],"duration":2,"failing":false,"failureDetails":[],"failureMessages":[],"fullName":"Input Sanitization Utilities sanitizeEmailInput should sanitize valid email addresses","invocations":1,"location":null,"numPassingAsserts":2,"retryReasons":[],"startAt":1769748888614,"status":"passed","title":"should sanitize valid email addresses"},{"ancestorTitles":["Input Sanitization Utilities","sanitizeEmailInput"],"duration":1,"failing":false,"failureDetails":[],"failureMessages":[],"fullName":"Input Sanitization Utilities sanitizeEmailInput should reject invalid email addresses","invocations":1,"location":null,"numPassingAsserts":2,"retryReasons":[],"startAt":1769748888616,"status":"passed","title":"should reject invalid email addresses"},{"ancestorTitles":["Input Sanitization Utilities","sanitizeEmailInput"],"duration":1,"failing":false,"failureDetails":[],"failureMessages":[],"fullName":"Input Sanitization Utilities sanitizeEmailInput should sanitize email addresses with XSS attempts","invocations":1,"location":null,"numPassingAsserts":2,"retryReasons":[],"startAt":1769748888617,"status":"passed","title":"should sanitize email addresses with XSS attempts"}],"endTime":1769748888624,"message":"","name":"C:\\Users\\sergi\\Spartan hub 2.0\\spartan-hub\\src\\__tests__\\inputSanitizer.test.ts","startTime":1769748886740,"status":"passed","summary":""},{"assertionResults":[{"ancestorTitles":["Error Reporting Service"],"duration":517,"failing":false,"failureDetails":[],"failureMessages":[],"fullName":"Error Reporting Service should be able to import the error reporting service","invocations":1,"location":null,"numPassingAsserts":1,"retryReasons":[],"startAt":1769748888003,"status":"passed","title":"should be able to import the error reporting service"},{"ancestorTitles":["Error Reporting Service"],"duration":2,"failing":false,"failureDetails":[],"failureMessages":[],"fullName":"Error Reporting Service should have ErrorReportingService class","invocations":1,"location":null,"numPassingAsserts":1,"retryReasons":[],"startAt":1769748888521,"status":"passed","title":"should have ErrorReportingService class"},{"ancestorTitles":["Error Reporting Service"],"duration":1,"failing":false,"failureDetails":[],"failureMessages":[],"fullName":"Error Reporting Service should have reportError method","invocations":1,"location":null,"numPassingAsserts":1,"retryReasons":[],"startAt":1769748888523,"status":"passed","title":"should have reportError method"},{"ancestorTitles":["Error Reporting Service"],"duration":1,"failing":false,"failureDetails":[],"failureMessages":[],"fullName":"Error Reporting Service should have getReports method","invocations":1,"location":null,"numPassingAsserts":1,"retryReasons":[],"startAt":1769748888525,"status":"passed","title":"should have getReports method"},{"ancestorTitles":["Error Reporting Service"],"duration":121,"failing":false,"failureDetails":[],"failureMessages":[],"fullName":"Error Reporting Service should be able to report an error","invocations":1,"location":null,"numPassingAsserts":9,"retryReasons":[],"startAt":1769748888526,"status":"passed","title":"should be able to report an error"}],"endTime":1769748888650,"message":"","name":"C:\\Users\\sergi\\Spartan hub 2.0\\spartan-hub\\src\\__tests__\\errorReportingService.test.js","startTime":1769748886733,"status":"passed","summary":""},{"assertionResults":[{"ancestorTitles":["Component Imports"],"duration":343,"failing":false,"failureDetails":[],"failureMessages":[],"fullName":"Component Imports should be able to import AiErrorScreen component","invocations":1,"location":null,"numPassingAsserts":1,"retryReasons":[],"startAt":1769748888370,"status":"passed","title":"should be able to import AiErrorScreen component"},{"ancestorTitles":["Component Imports"],"duration":2,"failing":false,"failureDetails":[],"failureMessages":[],"fullName":"Component Imports should be able to import RefreshIcon component","invocations":1,"location":null,"numPassingAsserts":1,"retryReasons":[],"startAt":1769748888713,"status":"passed","title":"should be able to import RefreshIcon component"}],"endTime":1769748888718,"message":"","name":"C:\\Users\\sergi\\Spartan hub 2.0\\spartan-hub\\src\\__tests__\\componentImport.test.js","startTime":1769748888062,"status":"passed","summary":""},{"assertionResults":[{"ancestorTitles":["Suggestion Components"],"duration":191,"failing":false,"failureDetails":[],"failureMessages":[],"fullName":"Suggestion Components should be able to import SuggestionCard component","invocations":1,"location":null,"numPassingAsserts":1,"retryReasons":[],"startAt":1769748888515,"status":"passed","title":"should be able to import SuggestionCard component"},{"ancestorTitles":["Suggestion Components"],"duration":55,"failing":false,"failureDetails":[],"failureMessages":[],"fullName":"Suggestion Components should be able to import SuggestionPanel component","invocations":1,"location":null,"numPassingAsserts":1,"retryReasons":[],"startAt":1769748888707,"status":"passed","title":"should be able to import SuggestionPanel component"}],"endTime":1769748888764,"message":"","name":"C:\\Users\\sergi\\Spartan hub 2.0\\spartan-hub\\src\\__tests__\\suggestionComponents.test.js","startTime":1769748888211,"status":"passed","summary":""},{"assertionResults":[{"ancestorTitles":["useSuggestions Hook"],"duration":52,"failing":false,"failureDetails":[],"failureMessages":[],"fullName":"useSuggestions Hook should be able to import useSuggestions hook","invocations":1,"location":null,"numPassingAsserts":1,"retryReasons":[],"startAt":1769748888763,"status":"passed","title":"should be able to import useSuggestions hook"}],"endTime":1769748888816,"message":"","name":"C:\\Users\\sergi\\Spartan hub 2.0\\spartan-hub\\src\\__tests__\\useSuggestions.test.js","startTime":1769748888422,"status":"passed","summary":""},{"assertionResults":[{"ancestorTitles":["Public Assets"],"duration":2,"failing":false,"failureDetails":[],"failureMessages":[],"fullName":"Public Assets should have vite.svg file in public directory","invocations":1,"location":null,"numPassingAsserts":1,"retryReasons":[],"startAt":1769748888814,"status":"passed","title":"should have vite.svg file in public directory"},{"ancestorTitles":["Public Assets"],"duration":1,"failing":false,"failureDetails":[],"failureMessages":[],"fullName":"Public Assets should have favicon.ico file in public directory","invocations":1,"location":null,"numPassingAsserts":1,"retryReasons":[],"startAt":1769748888817,"status":"passed","title":"should have favicon.ico file in public directory"}],"endTime":1769748888819,"message":"","name":"C:\\Users\\sergi\\Spartan hub 2.0\\spartan-hub\\src\\__tests__\\publicAssets.test.js","startTime":1769748888587,"status":"passed","summary":""},{"assertionResults":[{"ancestorTitles":["FormAnalysisModal"],"duration":14,"failing":false,"failureDetails":[{}],"failureMessages":["ReferenceError: document is not defined\n    at render (C:\\Users\\sergi\\Spartan hub 2.0\\spartan-hub\\node_modules\\@testing-library\\react\\dist\\pure.js:257:5)\n    at Object.<anonymous> (C:\\Users\\sergi\\Spartan hub 2.0\\spartan-hub\\src\\__tests__\\components\\FormAnalysisModal.test.tsx:50:11)\n    at Promise.finally.completed (C:\\Users\\sergi\\Spartan hub 2.0\\spartan-hub\\node_modules\\jest-circus\\build\\jestAdapterInit.js:1557:28)\n    at new Promise (<anonymous>)\n    at callAsyncCircusFn (C:\\Users\\sergi\\Spartan hub 2.0\\spartan-hub\\node_modules\\jest-circus\\build\\jestAdapterInit.js:1497:10)\n    at _callCircusTest (C:\\Users\\sergi\\Spartan hub 2.0\\spartan-hub\\node_modules\\jest-circus\\build\\jestAdapterInit.js:1007:40)\n    at processTicksAndRejections (node:internal/process/task_queues:105:5)\n    at _runTest (C:\\Users\\sergi\\Spartan hub 2.0\\spartan-hub\\node_modules\\jest-circus\\build\\jestAdapterInit.js:947:3)\n    at C:\\Users\\sergi\\Spartan hub 2.0\\spartan-hub\\node_modules\\jest-circus\\build\\jestAdapterInit.js:849:7\n    at _runTestsForDescribeBlock (C:\\Users\\sergi\\Spartan hub 2.0\\spartan-hub\\node_modules\\jest-circus\\build\\jestAdapterInit.js:862:11)\n    at _runTestsForDescribeBlock (C:\\Users\\sergi\\Spartan hub 2.0\\spartan-hub\\node_modules\\jest-circus\\build\\jestAdapterInit.js:857:11)\n    at run (C:\\Users\\sergi\\Spartan hub 2.0\\spartan-hub\\node_modules\\jest-circus\\build\\jestAdapterInit.js:761:3)\n    at runAndTransformResultsToJestFormat (C:\\Users\\sergi\\Spartan hub 2.0\\spartan-hub\\node_modules\\jest-circus\\build\\jestAdapterInit.js:1918:21)\n    at jestAdapter (C:\\Users\\sergi\\Spartan hub 2.0\\spartan-hub\\node_modules\\jest-circus\\build\\runner.js:101:19)\n    at runTestInternal (C:\\Users\\sergi\\Spartan hub 2.0\\spartan-hub\\node_modules\\jest-runner\\build\\testWorker.js:275:16)\n    at runTest (C:\\Users\\sergi\\Spartan hub 2.0\\spartan-hub\\node_modules\\jest-runner\\build\\testWorker.js:343:7)\n    at Object.worker (C:\\Users\\sergi\\Spartan hub 2.0\\spartan-hub\\node_modules\\jest-runner\\build\\testWorker.js:497:12)"],"fullName":"FormAnalysisModal should not render when isOpen is false","invocations":1,"location":null,"numPassingAsserts":0,"retryReasons":[],"startAt":1769748888643,"status":"failed","title":"should not render when isOpen is false"},{"ancestorTitles":["FormAnalysisModal"],"duration":3,"failing":false,"failureDetails":[{}],"failureMessages":["ReferenceError: document is not defined\n    at render (C:\\Users\\sergi\\Spartan hub 2.0\\spartan-hub\\node_modules\\@testing-library\\react\\dist\\pure.js:257:5)\n    at Object.<anonymous> (C:\\Users\\sergi\\Spartan hub 2.0\\spartan-hub\\src\\__tests__\\components\\FormAnalysisModal.test.tsx:62:11)\n    at Promise.finally.completed (C:\\Users\\sergi\\Spartan hub 2.0\\spartan-hub\\node_modules\\jest-circus\\build\\jestAdapterInit.js:1557:28)\n    at new Promise (<anonymous>)\n    at callAsyncCircusFn (C:\\Users\\sergi\\Spartan hub 2.0\\spartan-hub\\node_modules\\jest-circus\\build\\jestAdapterInit.js:1497:10)\n    at _callCircusTest (C:\\Users\\sergi\\Spartan hub 2.0\\spartan-hub\\node_modules\\jest-circus\\build\\jestAdapterInit.js:1007:40)\n    at processTicksAndRejections (node:internal/process/task_queues:105:5)\n    at _runTest (C:\\Users\\sergi\\Spartan hub 2.0\\spartan-hub\\node_modules\\jest-circus\\build\\jestAdapterInit.js:947:3)\n    at C:\\Users\\sergi\\Spartan hub 2.0\\spartan-hub\\node_modules\\jest-circus\\build\\jestAdapterInit.js:849:7\n    at _runTestsForDescribeBlock (C:\\Users\\sergi\\Spartan hub 2.0\\spartan-hub\\node_modules\\jest-circus\\build\\jestAdapterInit.js:862:11)\n    at _runTestsForDescribeBlock (C:\\Users\\sergi\\Spartan hub 2.0\\spartan-hub\\node_modules\\jest-circus\\build\\jestAdapterInit.js:857:11)\n    at run (C:\\Users\\sergi\\Spartan hub 2.0\\spartan-hub\\node_modules\\jest-circus\\build\\jestAdapterInit.js:761:3)\n    at runAndTransformResultsToJestFormat (C:\\Users\\sergi\\Spartan hub 2.0\\spartan-hub\\node_modules\\jest-circus\\build\\jestAdapterInit.js:1918:21)\n    at jestAdapter (C:\\Users\\sergi\\Spartan hub 2.0\\spartan-hub\\node_modules\\jest-circus\\build\\runner.js:101:19)\n    at runTestInternal (C:\\Users\\sergi\\Spartan hub 2.0\\spartan-hub\\node_modules\\jest-runner\\build\\testWorker.js:275:16)\n    at runTest (C:\\Users\\sergi\\Spartan hub 2.0\\spartan-hub\\node_modules\\jest-runner\\build\\testWorker.js:343:7)\n    at Object.worker (C:\\Users\\sergi\\Spartan hub 2.0\\spartan-hub\\node_modules\\jest-runner\\build\\testWorker.js:497:12)"],"fullName":"FormAnalysisModal should render modal when isOpen is true","invocations":1,"location":null,"numPassingAsserts":0,"retryReasons":[],"startAt":1769748888679,"status":"failed","title":"should render modal when isOpen is true"},{"ancestorTitles":["FormAnalysisModal"],"duration":2,"failing":false,"failureDetails":[{}],"failureMessages":["ReferenceError: document is not defined\n    at render (C:\\Users\\sergi\\Spartan hub 2.0\\spartan-hub\\node_modules\\@testing-library\\react\\dist\\pure.js:257:5)\n    at Object.<anonymous> (C:\\Users\\sergi\\Spartan hub 2.0\\spartan-hub\\src\\__tests__\\components\\FormAnalysisModal.test.tsx:74:11)\n    at Promise.finally.completed (C:\\Users\\sergi\\Spartan hub 2.0\\spartan-hub\\node_modules\\jest-circus\\build\\jestAdapterInit.js:1557:28)\n    at new Promise (<anonymous>)\n    at callAsyncCircusFn (C:\\Users\\sergi\\Spartan hub 2.0\\spartan-hub\\node_modules\\jest-circus\\build\\jestAdapterInit.js:1497:10)\n    at _callCircusTest (C:\\Users\\sergi\\Spartan hub 2.0\\spartan-hub\\node_modules\\jest-circus\\build\\jestAdapterInit.js:1007:40)\n    at processTicksAndRejections (node:internal/process/task_queues:105:5)\n    at _runTest (C:\\Users\\sergi\\Spartan hub 2.0\\spartan-hub\\node_modules\\jest-circus\\build\\jestAdapterInit.js:947:3)\n    at C:\\Users\\sergi\\Spartan hub 2.0\\spartan-hub\\node_modules\\jest-circus\\build\\jestAdapterInit.js:849:7\n    at _runTestsForDescribeBlock (C:\\Users\\sergi\\Spartan hub 2.0\\spartan-hub\\node_modules\\jest-circus\\build\\jestAdapterInit.js:862:11)\n    at _runTestsForDescribeBlock (C:\\Users\\sergi\\Spartan hub 2.0\\spartan-hub\\node_modules\\jest-circus\\build\\jestAdapterInit.js:857:11)\n    at run (C:\\Users\\sergi\\Spartan hub 2.0\\spartan-hub\\node_modules\\jest-circus\\build\\jestAdapterInit.js:761:3)\n    at runAndTransformResultsToJestFormat (C:\\Users\\sergi\\Spartan hub 2.0\\spartan-hub\\node_modules\\jest-circus\\build\\jestAdapterInit.js:1918:21)\n    at jestAdapter (C:\\Users\\sergi\\Spartan hub 2.0\\spartan-hub\\node_modules\\jest-circus\\build\\runner.js:101:19)\n    at runTestInternal (C:\\Users\\sergi\\Spartan hub 2.0\\spartan-hub\\node_modules\\jest-runner\\build\\testWorker.js:275:16)\n    at runTest (C:\\Users\\sergi\\Spartan hub 2.0\\spartan-hub\\node_modules\\jest-runner\\build\\testWorker.js:343:7)\n    at Object.worker (C:\\Users\\sergi\\Spartan hub 2.0\\spartan-hub\\node_modules\\jest-runner\\build\\testWorker.js:497:12)"],"fullName":"FormAnalysisModal should render VideoCapture component initially","invocations":1,"location":null,"numPassingAsserts":0,"retryReasons":[],"startAt":1769748888683,"status":"failed","title":"should render VideoCapture component initially"},{"ancestorTitles":["FormAnalysisModal"],"duration":1,"failing":false,"failureDetails":[{}],"failureMessages":["ReferenceError: document is not defined\n    at render (C:\\Users\\sergi\\Spartan hub 2.0\\spartan-hub\\node_modules\\@testing-library\\react\\dist\\pure.js:257:5)\n    at Object.<anonymous> (C:\\Users\\sergi\\Spartan hub 2.0\\spartan-hub\\src\\__tests__\\components\\FormAnalysisModal.test.tsx:86:32)\n    at Promise.finally.completed (C:\\Users\\sergi\\Spartan hub 2.0\\spartan-hub\\node_modules\\jest-circus\\build\\jestAdapterInit.js:1557:28)\n    at new Promise (<anonymous>)\n    at callAsyncCircusFn (C:\\Users\\sergi\\Spartan hub 2.0\\spartan-hub\\node_modules\\jest-circus\\build\\jestAdapterInit.js:1497:10)\n    at _callCircusTest (C:\\Users\\sergi\\Spartan hub 2.0\\spartan-hub\\node_modules\\jest-circus\\build\\jestAdapterInit.js:1007:40)\n    at processTicksAndRejections (node:internal/process/task_queues:105:5)\n    at _runTest (C:\\Users\\sergi\\Spartan hub 2.0\\spartan-hub\\node_modules\\jest-circus\\build\\jestAdapterInit.js:947:3)\n    at C:\\Users\\sergi\\Spartan hub 2.0\\spartan-hub\\node_modules\\jest-circus\\build\\jestAdapterInit.js:849:7\n    at _runTestsForDescribeBlock (C:\\Users\\sergi\\Spartan hub 2.0\\spartan-hub\\node_modules\\jest-circus\\build\\jestAdapterInit.js:862:11)\n    at _runTestsForDescribeBlock (C:\\Users\\sergi\\Spartan hub 2.0\\spartan-hub\\node_modules\\jest-circus\\build\\jestAdapterInit.js:857:11)\n    at run (C:\\Users\\sergi\\Spartan hub 2.0\\spartan-hub\\node_modules\\jest-circus\\build\\jestAdapterInit.js:761:3)\n    at runAndTransformResultsToJestFormat (C:\\Users\\sergi\\Spartan hub 2.0\\spartan-hub\\node_modules\\jest-circus\\build\\jestAdapterInit.js:1918:21)\n    at jestAdapter (C:\\Users\\sergi\\Spartan hub 2.0\\spartan-hub\\node_modules\\jest-circus\\build\\runner.js:101:19)\n    at runTestInternal (C:\\Users\\sergi\\Spartan hub 2.0\\spartan-hub\\node_modules\\jest-runner\\build\\testWorker.js:275:16)\n    at runTest (C:\\Users\\sergi\\Spartan hub 2.0\\spartan-hub\\node_modules\\jest-runner\\build\\testWorker.js:343:7)\n    at Object.worker (C:\\Users\\sergi\\Spartan hub 2.0\\spartan-hub\\node_modules\\jest-runner\\build\\testWorker.js:497:12)"],"fullName":"FormAnalysisModal should display exercise type in header","invocations":1,"location":null,"numPassingAsserts":0,"retryReasons":[],"startAt":1769748888686,"status":"failed","title":"should display exercise type in header"},{"ancestorTitles":["FormAnalysisModal"],"duration":3,"failing":false,"failureDetails":[{}],"failureMessages":["ReferenceError: document is not defined\n    at render (C:\\Users\\sergi\\Spartan hub 2.0\\spartan-hub\\node_modules\\@testing-library\\react\\dist\\pure.js:257:5)\n    at Object.<anonymous> (C:\\Users\\sergi\\Spartan hub 2.0\\spartan-hub\\src\\__tests__\\components\\FormAnalysisModal.test.tsx:108:11)\n    at Promise.finally.completed (C:\\Users\\sergi\\Spartan hub 2.0\\spartan-hub\\node_modules\\jest-circus\\build\\jestAdapterInit.js:1557:28)\n    at new Promise (<anonymous>)\n    at callAsyncCircusFn (C:\\Users\\sergi\\Spartan hub 2.0\\spartan-hub\\node_modules\\jest-circus\\build\\jestAdapterInit.js:1497:10)\n    at _callCircusTest (C:\\Users\\sergi\\Spartan hub 2.0\\spartan-hub\\node_modules\\jest-circus\\build\\jestAdapterInit.js:1007:40)\n    at processTicksAndRejections (node:internal/process/task_queues:105:5)\n    at _runTest (C:\\Users\\sergi\\Spartan hub 2.0\\spartan-hub\\node_modules\\jest-circus\\build\\jestAdapterInit.js:947:3)\n    at C:\\Users\\sergi\\Spartan hub 2.0\\spartan-hub\\node_modules\\jest-circus\\build\\jestAdapterInit.js:849:7\n    at _runTestsForDescribeBlock (C:\\Users\\sergi\\Spartan hub 2.0\\spartan-hub\\node_modules\\jest-circus\\build\\jestAdapterInit.js:862:11)\n    at _runTestsForDescribeBlock (C:\\Users\\sergi\\Spartan hub 2.0\\spartan-hub\\node_modules\\jest-circus\\build\\jestAdapterInit.js:857:11)\n    at run (C:\\Users\\sergi\\Spartan hub 2.0\\spartan-hub\\node_modules\\jest-circus\\build\\jestAdapterInit.js:761:3)\n    at runAndTransformResultsToJestFormat (C:\\Users\\sergi\\Spartan hub 2.0\\spartan-hub\\node_modules\\jest-circus\\build\\jestAdapterInit.js:1918:21)\n    at jestAdapter (C:\\Users\\sergi\\Spartan hub 2.0\\spartan-hub\\node_modules\\jest-circus\\build\\runner.js:101:19)\n    at runTestInternal (C:\\Users\\sergi\\Spartan hub 2.0\\spartan-hub\\node_modules\\jest-runner\\build\\testWorker.js:275:16)\n    at runTest (C:\\Users\\sergi\\Spartan hub 2.0\\spartan-hub\\node_modules\\jest-runner\\build\\testWorker.js:343:7)\n    at Object.worker (C:\\Users\\sergi\\Spartan hub 2.0\\spartan-hub\\node_modules\\jest-runner\\build\\testWorker.js:497:12)"],"fullName":"FormAnalysisModal should close modal when close button clicked","invocations":1,"location":null,"numPassingAsserts":0,"retryReasons":[],"startAt":1769748888688,"status":"failed","title":"should close modal when close button clicked"},{"ancestorTitles":["FormAnalysisModal"],"duration":1,"failing":false,"failureDetails":[{}],"failureMessages":["ReferenceError: document is not defined\n    at render (C:\\Users\\sergi\\Spartan hub 2.0\\spartan-hub\\node_modules\\@testing-library\\react\\dist\\pure.js:257:5)\n    at Object.<anonymous> (C:\\Users\\sergi\\Spartan hub 2.0\\spartan-hub\\src\\__tests__\\components\\FormAnalysisModal.test.tsx:131:11)\n    at Promise.finally.completed (C:\\Users\\sergi\\Spartan hub 2.0\\spartan-hub\\node_modules\\jest-circus\\build\\jestAdapterInit.js:1557:28)\n    at new Promise (<anonymous>)\n    at callAsyncCircusFn (C:\\Users\\sergi\\Spartan hub 2.0\\spartan-hub\\node_modules\\jest-circus\\build\\jestAdapterInit.js:1497:10)\n    at _callCircusTest (C:\\Users\\sergi\\Spartan hub 2.0\\spartan-hub\\node_modules\\jest-circus\\build\\jestAdapterInit.js:1007:40)\n    at processTicksAndRejections (node:internal/process/task_queues:105:5)\n    at _runTest (C:\\Users\\sergi\\Spartan hub 2.0\\spartan-hub\\node_modules\\jest-circus\\build\\jestAdapterInit.js:947:3)\n    at C:\\Users\\sergi\\Spartan hub 2.0\\spartan-hub\\node_modules\\jest-circus\\build\\jestAdapterInit.js:849:7\n    at _runTestsForDescribeBlock (C:\\Users\\sergi\\Spartan hub 2.0\\spartan-hub\\node_modules\\jest-circus\\build\\jestAdapterInit.js:862:11)\n    at _runTestsForDescribeBlock (C:\\Users\\sergi\\Spartan hub 2.0\\spartan-hub\\node_modules\\jest-circus\\build\\jestAdapterInit.js:857:11)\n    at run (C:\\Users\\sergi\\Spartan hub 2.0\\spartan-hub\\node_modules\\jest-circus\\build\\jestAdapterInit.js:761:3)\n    at runAndTransformResultsToJestFormat (C:\\Users\\sergi\\Spartan hub 2.0\\spartan-hub\\node_modules\\jest-circus\\build\\jestAdapterInit.js:1918:21)\n    at jestAdapter (C:\\Users\\sergi\\Spartan hub 2.0\\spartan-hub\\node_modules\\jest-circus\\build\\runner.js:101:19)\n    at runTestInternal (C:\\Users\\sergi\\Spartan hub 2.0\\spartan-hub\\node_modules\\jest-runner\\build\\testWorker.js:275:16)\n    at runTest (C:\\Users\\sergi\\Spartan hub 2.0\\spartan-hub\\node_modules\\jest-runner\\build\\testWorker.js:343:7)\n    at Object.worker (C:\\Users\\sergi\\Spartan hub 2.0\\spartan-hub\\node_modules\\jest-runner\\build\\testWorker.js:497:12)"],"fullName":"FormAnalysisModal should display analysis results when available","invocations":1,"location":null,"numPassingAsserts":0,"retryReasons":[],"startAt":1769748888692,"status":"failed","title":"should display analysis results when available"},{"ancestorTitles":["FormAnalysisModal"],"duration":1,"failing":false,"failureDetails":[{}],"failureMessages":["ReferenceError: document is not defined\n    at render (C:\\Users\\sergi\\Spartan hub 2.0\\spartan-hub\\node_modules\\@testing-library\\react\\dist\\pure.js:257:5)\n    at Object.<anonymous> (C:\\Users\\sergi\\Spartan hub 2.0\\spartan-hub\\src\\__tests__\\components\\FormAnalysisModal.test.tsx:152:11)\n    at Promise.finally.completed (C:\\Users\\sergi\\Spartan hub 2.0\\spartan-hub\\node_modules\\jest-circus\\build\\jestAdapterInit.js:1557:28)\n    at new Promise (<anonymous>)\n    at callAsyncCircusFn (C:\\Users\\sergi\\Spartan hub 2.0\\spartan-hub\\node_modules\\jest-circus\\build\\jestAdapterInit.js:1497:10)\n    at _callCircusTest (C:\\Users\\sergi\\Spartan hub 2.0\\spartan-hub\\node_modules\\jest-circus\\build\\jestAdapterInit.js:1007:40)\n    at processTicksAndRejections (node:internal/process/task_queues:105:5)\n    at _runTest (C:\\Users\\sergi\\Spartan hub 2.0\\spartan-hub\\node_modules\\jest-circus\\build\\jestAdapterInit.js:947:3)\n    at C:\\Users\\sergi\\Spartan hub 2.0\\spartan-hub\\node_modules\\jest-circus\\build\\jestAdapterInit.js:849:7\n    at _runTestsForDescribeBlock (C:\\Users\\sergi\\Spartan hub 2.0\\spartan-hub\\node_modules\\jest-circus\\build\\jestAdapterInit.js:862:11)\n    at _runTestsForDescribeBlock (C:\\Users\\sergi\\Spartan hub 2.0\\spartan-hub\\node_modules\\jest-circus\\build\\jestAdapterInit.js:857:11)\n    at run (C:\\Users\\sergi\\Spartan hub 2.0\\spartan-hub\\node_modules\\jest-circus\\build\\jestAdapterInit.js:761:3)\n    at runAndTransformResultsToJestFormat (C:\\Users\\sergi\\Spartan hub 2.0\\spartan-hub\\node_modules\\jest-circus\\build\\jestAdapterInit.js:1918:21)\n    at jestAdapter (C:\\Users\\sergi\\Spartan hub 2.0\\spartan-hub\\node_modules\\jest-circus\\build\\runner.js:101:19)\n    at runTestInternal (C:\\Users\\sergi\\Spartan hub 2.0\\spartan-hub\\node_modules\\jest-runner\\build\\testWorker.js:275:16)\n    at runTest (C:\\Users\\sergi\\Spartan hub 2.0\\spartan-hub\\node_modules\\jest-runner\\build\\testWorker.js:343:7)\n    at Object.worker (C:\\Users\\sergi\\Spartan hub 2.0\\spartan-hub\\node_modules\\jest-runner\\build\\testWorker.js:497:12)"],"fullName":"FormAnalysisModal should display tips in results view","invocations":1,"location":null,"numPassingAsserts":0,"retryReasons":[],"startAt":1769748888695,"status":"failed","title":"should display tips in results view"},{"ancestorTitles":["FormAnalysisModal"],"duration":2,"failing":false,"failureDetails":[{}],"failureMessages":["ReferenceError: document is not defined\n    at render (C:\\Users\\sergi\\Spartan hub 2.0\\spartan-hub\\node_modules\\@testing-library\\react\\dist\\pure.js:257:5)\n    at Object.<anonymous> (C:\\Users\\sergi\\Spartan hub 2.0\\spartan-hub\\src\\__tests__\\components\\FormAnalysisModal.test.tsx:169:11)\n    at Promise.finally.completed (C:\\Users\\sergi\\Spartan hub 2.0\\spartan-hub\\node_modules\\jest-circus\\build\\jestAdapterInit.js:1557:28)\n    at new Promise (<anonymous>)\n    at callAsyncCircusFn (C:\\Users\\sergi\\Spartan hub 2.0\\spartan-hub\\node_modules\\jest-circus\\build\\jestAdapterInit.js:1497:10)\n    at _callCircusTest (C:\\Users\\sergi\\Spartan hub 2.0\\spartan-hub\\node_modules\\jest-circus\\build\\jestAdapterInit.js:1007:40)\n    at processTicksAndRejections (node:internal/process/task_queues:105:5)\n    at _runTest (C:\\Users\\sergi\\Spartan hub 2.0\\spartan-hub\\node_modules\\jest-circus\\build\\jestAdapterInit.js:947:3)\n    at C:\\Users\\sergi\\Spartan hub 2.0\\spartan-hub\\node_modules\\jest-circus\\build\\jestAdapterInit.js:849:7\n    at _runTestsForDescribeBlock (C:\\Users\\sergi\\Spartan hub 2.0\\spartan-hub\\node_modules\\jest-circus\\build\\jestAdapterInit.js:862:11)\n    at _runTestsForDescribeBlock (C:\\Users\\sergi\\Spartan hub 2.0\\spartan-hub\\node_modules\\jest-circus\\build\\jestAdapterInit.js:857:11)\n    at run (C:\\Users\\sergi\\Spartan hub 2.0\\spartan-hub\\node_modules\\jest-circus\\build\\jestAdapterInit.js:761:3)\n    at runAndTransformResultsToJestFormat (C:\\Users\\sergi\\Spartan hub 2.0\\spartan-hub\\node_modules\\jest-circus\\build\\jestAdapterInit.js:1918:21)\n    at jestAdapter (C:\\Users\\sergi\\Spartan hub 2.0\\spartan-hub\\node_modules\\jest-circus\\build\\runner.js:101:19)\n    at runTestInternal (C:\\Users\\sergi\\Spartan hub 2.0\\spartan-hub\\node_modules\\jest-runner\\build\\testWorker.js:275:16)\n    at runTest (C:\\Users\\sergi\\Spartan hub 2.0\\spartan-hub\\node_modules\\jest-runner\\build\\testWorker.js:343:7)\n    at Object.worker (C:\\Users\\sergi\\Spartan hub 2.0\\spartan-hub\\node_modules\\jest-runner\\build\\testWorker.js:497:12)"],"fullName":"FormAnalysisModal should show metrics in results view","invocations":1,"location":null,"numPassingAsserts":0,"retryReasons":[],"startAt":1769748888698,"status":"failed","title":"should show metrics in results view"},{"ancestorTitles":["FormAnalysisModal"],"duration":2,"failing":false,"failureDetails":[{}],"failureMessages":["ReferenceError: document is not defined\n    at render (C:\\Users\\sergi\\Spartan hub 2.0\\spartan-hub\\node_modules\\@testing-library\\react\\dist\\pure.js:257:5)\n    at Object.<anonymous> (C:\\Users\\sergi\\Spartan hub 2.0\\spartan-hub\\src\\__tests__\\components\\FormAnalysisModal.test.tsx:187:11)\n    at Promise.finally.completed (C:\\Users\\sergi\\Spartan hub 2.0\\spartan-hub\\node_modules\\jest-circus\\build\\jestAdapterInit.js:1557:28)\n    at new Promise (<anonymous>)\n    at callAsyncCircusFn (C:\\Users\\sergi\\Spartan hub 2.0\\spartan-hub\\node_modules\\jest-circus\\build\\jestAdapterInit.js:1497:10)\n    at _callCircusTest (C:\\Users\\sergi\\Spartan hub 2.0\\spartan-hub\\node_modules\\jest-circus\\build\\jestAdapterInit.js:1007:40)\n    at processTicksAndRejections (node:internal/process/task_queues:105:5)\n    at _runTest (C:\\Users\\sergi\\Spartan hub 2.0\\spartan-hub\\node_modules\\jest-circus\\build\\jestAdapterInit.js:947:3)\n    at C:\\Users\\sergi\\Spartan hub 2.0\\spartan-hub\\node_modules\\jest-circus\\build\\jestAdapterInit.js:849:7\n    at _runTestsForDescribeBlock (C:\\Users\\sergi\\Spartan hub 2.0\\spartan-hub\\node_modules\\jest-circus\\build\\jestAdapterInit.js:862:11)\n    at _runTestsForDescribeBlock (C:\\Users\\sergi\\Spartan hub 2.0\\spartan-hub\\node_modules\\jest-circus\\build\\jestAdapterInit.js:857:11)\n    at run (C:\\Users\\sergi\\Spartan hub 2.0\\spartan-hub\\node_modules\\jest-circus\\build\\jestAdapterInit.js:761:3)\n    at runAndTransformResultsToJestFormat (C:\\Users\\sergi\\Spartan hub 2.0\\spartan-hub\\node_modules\\jest-circus\\build\\jestAdapterInit.js:1918:21)\n    at jestAdapter (C:\\Users\\sergi\\Spartan hub 2.0\\spartan-hub\\node_modules\\jest-circus\\build\\runner.js:101:19)\n    at runTestInternal (C:\\Users\\sergi\\Spartan hub 2.0\\spartan-hub\\node_modules\\jest-runner\\build\\testWorker.js:275:16)\n    at runTest (C:\\Users\\sergi\\Spartan hub 2.0\\spartan-hub\\node_modules\\jest-runner\\build\\testWorker.js:343:7)\n    at Object.worker (C:\\Users\\sergi\\Spartan hub 2.0\\spartan-hub\\node_modules\\jest-runner\\build\\testWorker.js:497:12)"],"fullName":"FormAnalysisModal should allow analyzing again after results","invocations":1,"location":null,"numPassingAsserts":0,"retryReasons":[],"startAt":1769748888702,"status":"failed","title":"should allow analyzing again after results"},{"ancestorTitles":["FormAnalysisModal"],"duration":3,"failing":false,"failureDetails":[{}],"failureMessages":["ReferenceError: document is not defined\n    at render (C:\\Users\\sergi\\Spartan hub 2.0\\spartan-hub\\node_modules\\@testing-library\\react\\dist\\pure.js:257:5)\n    at Object.<anonymous> (C:\\Users\\sergi\\Spartan hub 2.0\\spartan-hub\\src\\__tests__\\components\\FormAnalysisModal.test.tsx:215:11)\n    at Promise.finally.completed (C:\\Users\\sergi\\Spartan hub 2.0\\spartan-hub\\node_modules\\jest-circus\\build\\jestAdapterInit.js:1557:28)\n    at new Promise (<anonymous>)\n    at callAsyncCircusFn (C:\\Users\\sergi\\Spartan hub 2.0\\spartan-hub\\node_modules\\jest-circus\\build\\jestAdapterInit.js:1497:10)\n    at _callCircusTest (C:\\Users\\sergi\\Spartan hub 2.0\\spartan-hub\\node_modules\\jest-circus\\build\\jestAdapterInit.js:1007:40)\n    at processTicksAndRejections (node:internal/process/task_queues:105:5)\n    at _runTest (C:\\Users\\sergi\\Spartan hub 2.0\\spartan-hub\\node_modules\\jest-circus\\build\\jestAdapterInit.js:947:3)\n    at C:\\Users\\sergi\\Spartan hub 2.0\\spartan-hub\\node_modules\\jest-circus\\build\\jestAdapterInit.js:849:7\n    at _runTestsForDescribeBlock (C:\\Users\\sergi\\Spartan hub 2.0\\spartan-hub\\node_modules\\jest-circus\\build\\jestAdapterInit.js:862:11)\n    at _runTestsForDescribeBlock (C:\\Users\\sergi\\Spartan hub 2.0\\spartan-hub\\node_modules\\jest-circus\\build\\jestAdapterInit.js:857:11)\n    at run (C:\\Users\\sergi\\Spartan hub 2.0\\spartan-hub\\node_modules\\jest-circus\\build\\jestAdapterInit.js:761:3)\n    at runAndTransformResultsToJestFormat (C:\\Users\\sergi\\Spartan hub 2.0\\spartan-hub\\node_modules\\jest-circus\\build\\jestAdapterInit.js:1918:21)\n    at jestAdapter (C:\\Users\\sergi\\Spartan hub 2.0\\spartan-hub\\node_modules\\jest-circus\\build\\runner.js:101:19)\n    at runTestInternal (C:\\Users\\sergi\\Spartan hub 2.0\\spartan-hub\\node_modules\\jest-runner\\build\\testWorker.js:275:16)\n    at runTest (C:\\Users\\sergi\\Spartan hub 2.0\\spartan-hub\\node_modules\\jest-runner\\build\\testWorker.js:343:7)\n    at Object.worker (C:\\Users\\sergi\\Spartan hub 2.0\\spartan-hub\\node_modules\\jest-runner\\build\\testWorker.js:497:12)"],"fullName":"FormAnalysisModal should call onAnalysisComplete callback","invocations":1,"location":null,"numPassingAsserts":0,"retryReasons":[],"startAt":1769748888705,"status":"failed","title":"should call onAnalysisComplete callback"},{"ancestorTitles":["FormAnalysisModal"],"duration":2,"failing":false,"failureDetails":[{}],"failureMessages":["ReferenceError: document is not defined\n    at render (C:\\Users\\sergi\\Spartan hub 2.0\\spartan-hub\\node_modules\\@testing-library\\react\\dist\\pure.js:257:5)\n    at Object.<anonymous> (C:\\Users\\sergi\\Spartan hub 2.0\\spartan-hub\\src\\__tests__\\components\\FormAnalysisModal.test.tsx:233:11)\n    at Promise.finally.completed (C:\\Users\\sergi\\Spartan hub 2.0\\spartan-hub\\node_modules\\jest-circus\\build\\jestAdapterInit.js:1557:28)\n    at new Promise (<anonymous>)\n    at callAsyncCircusFn (C:\\Users\\sergi\\Spartan hub 2.0\\spartan-hub\\node_modules\\jest-circus\\build\\jestAdapterI
[...]
1b[36masync\u001b[39m () \u001b[33m=>\u001b[39m {\n    \u001b[31m\u001b[1m>\u001b[22m\u001b[39m\u001b[90m 152 |\u001b[39m     render(\n     \u001b[90m     |\u001b[39m           \u001b[31m\u001b[1m^\u001b[22m\u001b[39m\n     \u001b[90m 153 |\u001b[39m       \u001b[33m<\u001b[39m\u001b[33mFormAnalysisModal\u001b[39m\n     \u001b[90m 154 |\u001b[39m         isOpen\u001b[33m=\u001b[39m{\u001b[36mtrue\u001b[39m}\n     \u001b[90m 155 |\u001b[39m         onClose\u001b[33m=\u001b[39m{mockOnClose}\u001b[0m\n\n      at render (node_modules/@testing-library/react/dist/pure.js:257:5)\n      at Object.<anonymous> (src/__tests__/components/FormAnalysisModal.test.tsx:152:11)\n\n  ● FormAnalysisModal › should show metrics in results view\n\n    The error below may be caused by using the wrong test environment, see https://jestjs.io/docs/configuration#testenvironment-string.\n    Consider using the \"jsdom\" test environment.\n\n    ReferenceError: document is not defined\n\n    \u001b[0m \u001b[90m 167 |\u001b[39m\n     \u001b[90m 168 |\u001b[39m   test(\u001b[32m'should show metrics in results view'\u001b[39m\u001b[33m,\u001b[39m \u001b[36masync\u001b[39m () \u001b[33m=>\u001b[39m {\n    \u001b[31m\u001b[1m>\u001b[22m\u001b[39m\u001b[90m 169 |\u001b[39m     render(\n     \u001b[90m     |\u001b[39m           \u001b[31m\u001b[1m^\u001b[22m\u001b[39m\n     \u001b[90m 170 |\u001b[39m       \u001b[33m<\u001b[39m\u001b[33mFormAnalysisModal\u001b[39m\n     \u001b[90m 171 |\u001b[39m         isOpen\u001b[33m=\u001b[39m{\u001b[36mtrue\u001b[39m}\n     \u001b[90m 172 |\u001b[39m         onClose\u001b[33m=\u001b[39m{mockOnClose}\u001b[0m\n\n      at render (node_modules/@testing-library/react/dist/pure.js:257:5)\n      at Object.<anonymous> (src/__tests__/components/FormAnalysisModal.test.tsx:169:11)\n\n  ● FormAnalysisModal › should allow analyzing again after results\n\n    The error below may be caused by using the wrong test environment, see https://jestjs.io/docs/configuration#testenvironment-string.\n    Consider using the \"jsdom\" test environment.\n\n    ReferenceError: document is not defined\n\n    \u001b[0m \u001b[90m 185 |\u001b[39m\n     \u001b[90m 186 |\u001b[39m   test(\u001b[32m'should allow analyzing again after results'\u001b[39m\u001b[33m,\u001b[39m \u001b[36masync\u001b[39m () \u001b[33m=>\u001b[39m {\n    \u001b[31m\u001b[1m>\u001b[22m\u001b[39m\u001b[90m 187 |\u001b[39m     render(\n     \u001b[90m     |\u001b[39m           \u001b[31m\u001b[1m^\u001b[22m\u001b[39m\n     \u001b[90m 188 |\u001b[39m       \u001b[33m<\u001b[39m\u001b[33mFormAnalysisModal\u001b[39m\n     \u001b[90m 189 |\u001b[39m         isOpen\u001b[33m=\u001b[39m{\u001b[36mtrue\u001b[39m}\n     \u001b[90m 190 |\u001b[39m         onClose\u001b[33m=\u001b[39m{mockOnClose}\u001b[0m\n\n      at render (node_modules/@testing-library/react/dist/pure.js:257:5)\n      at Object.<anonymous> (src/__tests__/components/FormAnalysisModal.test.tsx:187:11)\n\n  ● FormAnalysisModal › should call onAnalysisComplete callback\n\n    The error below may be caused by using the wrong test environment, see https://jestjs.io/docs/configuration#testenvironment-string.\n    Consider using the \"jsdom\" test environment.\n\n    ReferenceError: document is not defined\n\n    \u001b[0m \u001b[90m 213 |\u001b[39m\n     \u001b[90m 214 |\u001b[39m   test(\u001b[32m'should call onAnalysisComplete callback'\u001b[39m\u001b[33m,\u001b[39m \u001b[36masync\u001b[39m () \u001b[33m=>\u001b[39m {\n    \u001b[31m\u001b[1m>\u001b[22m\u001b[39m\u001b[90m 215 |\u001b[39m     render(\n     \u001b[90m     |\u001b[39m           \u001b[31m\u001b[1m^\u001b[22m\u001b[39m\n     \u001b[90m 216 |\u001b[39m       \u001b[33m<\u001b[39m\u001b[33mFormAnalysisModal\u001b[39m\n     \u001b[90m 217 |\u001b[39m         isOpen\u001b[33m=\u001b[39m{\u001b[36mtrue\u001b[39m}\n     \u001b[90m 218 |\u001b[39m         onClose\u001b[33m=\u001b[39m{mockOnClose}\u001b[0m\n\n      at render (node_modules/@testing-library/react/dist/pure.js:257:5)\n      at Object.<anonymous> (src/__tests__/components/FormAnalysisModal.test.tsx:215:11)\n\n  ● FormAnalysisModal › should display status bar with frame and FPS info\n\n    The error below may be caused by using the wrong test environment, see https://jestjs.io/docs/configuration#testenvironment-string.\n    Consider using the \"jsdom\" test environment.\n\n    ReferenceError: document is not defined\n\n    \u001b[0m \u001b[90m 231 |\u001b[39m\n     \u001b[90m 232 |\u001b[39m   test(\u001b[32m'should display status bar with frame and FPS info'\u001b[39m\u001b[33m,\u001b[39m () \u001b[33m=>\u001b[39m {\n    \u001b[31m\u001b[1m>\u001b[22m\u001b[39m\u001b[90m 233 |\u001b[39m     render(\n     \u001b[90m     |\u001b[39m           \u001b[31m\u001b[1m^\u001b[22m\u001b[39m\n     \u001b[90m 234 |\u001b[39m       \u001b[33m<\u001b[39m\u001b[33mFormAnalysisModal\u001b[39m\n     \u001b[90m 235 |\u001b[39m         isOpen\u001b[33m=\u001b[39m{\u001b[36mtrue\u001b[39m}\n     \u001b[90m 236 |\u001b[39m         onClose\u001b[33m=\u001b[39m{mockOnClose}\u001b[0m\n\n      at render (node_modules/@testing-library/react/dist/pure.js:257:5)\n      at Object.<anonymous> (src/__tests__/components/FormAnalysisModal.test.tsx:233:11)\n\n  ● FormAnalysisModal › should display error message when state has error\n\n    The error below may be caused by using the wrong test environment, see https://jestjs.io/docs/configuration#testenvironment-string.\n    Consider using the \"jsdom\" test environment.\n\n    ReferenceError: document is not defined\n\n    \u001b[0m \u001b[90m 245 |\u001b[39m\n     \u001b[90m 246 |\u001b[39m   test(\u001b[32m'should display error message when state has error'\u001b[39m\u001b[33m,\u001b[39m () \u001b[33m=>\u001b[39m {\n    \u001b[31m\u001b[1m>\u001b[22m\u001b[39m\u001b[90m 247 |\u001b[39m     render(\n     \u001b[90m     |\u001b[39m           \u001b[31m\u001b[1m^\u001b[22m\u001b[39m\n     \u001b[90m 248 |\u001b[39m       \u001b[33m<\u001b[39m\u001b[33mFormAnalysisModal\u001b[39m\n     \u001b[90m 249 |\u001b[39m         isOpen\u001b[33m=\u001b[39m{\u001b[36mtrue\u001b[39m}\n     \u001b[90m 250 |\u001b[39m         onClose\u001b[33m=\u001b[39m{mockOnClose}\u001b[0m\n\n      at render (node_modules/@testing-library/react/dist/pure.js:257:5)\n      at Object.<anonymous> (src/__tests__/components/FormAnalysisModal.test.tsx:247:11)\n\n  ● FormAnalysisModal › should close modal properly with close button in results\n\n    The error below may be caused by using the wrong test environment, see https://jestjs.io/docs/configuration#testenvironment-string.\n    Consider using the \"jsdom\" test environment.\n\n    ReferenceError: document is not defined\n\n    \u001b[0m \u001b[90m 258 |\u001b[39m\n     \u001b[90m 259 |\u001b[39m   test(\u001b[32m'should close modal properly with close button in results'\u001b[39m\u001b[33m,\u001b[39m \u001b[36masync\u001b[39m () \u001b[33m=>\u001b[39m {\n    \u001b[31m\u001b[1m>\u001b[22m\u001b[39m\u001b[90m 260 |\u001b[39m     render(\n     \u001b[90m     |\u001b[39m           \u001b[31m\u001b[1m^\u001b[22m\u001b[39m\n     \u001b[90m 261 |\u001b[39m       \u001b[33m<\u001b[39m\u001b[33mFormAnalysisModal\u001b[39m\n     \u001b[90m 262 |\u001b[39m         isOpen\u001b[33m=\u001b[39m{\u001b[36mtrue\u001b[39m}\n     \u001b[90m 263 |\u001b[39m         onClose\u001b[33m=\u001b[39m{mockOnClose}\u001b[0m\n\n      at render (node_modules/@testing-library/react/dist/pure.js:257:5)\n      at Object.<anonymous> (src/__tests__/components/FormAnalysisModal.test.tsx:260:11)\n","name":"C:\\Users\\sergi\\Spartan hub 2.0\\spartan-hub\\src\\__tests__\\components\\FormAnalysisModal.test.tsx","startTime":1769748886645,"status":"failed","summary":""},{"assertionResults":[{"ancestorTitles":["Squat Form Analysis","Perfect Squat"],"duration":23,"failing":false,"failureDetails":[],"failureMessages":[],"fullName":"Squat Form Analysis Perfect Squat should analyze perfect squat with high score","invocations":1,"location":null,"numPassingAsserts":2,"retryReasons":[],"startAt":1769748888693,"status":"passed","title":"should analyze perfect squat with high score"},{"ancestorTitles":["Squat Form Analysis","Perfect Squat"],"duration":3,"failing":false,"failureDetails":[],"failureMessages":[],"fullName":"Squat Form Analysis Perfect Squat should have minimal issues for perfect squat","invocations":1,"location":null,"numPassingAsserts":1,"retryReasons":[],"startAt":1769748888718,"status":"passed","title":"should have minimal issues for perfect squat"},{"ancestorTitles":["Squat Form Analysis","Perfect Squat"],"duration":4,"failing":false,"failureDetails":[],"failureMessages":[],"fullName":"Squat Form Analysis Perfect Squat should provide positive coaching tips for good form","invocations":1,"location":null,"numPassingAsserts":2,"retryReasons":[],"startAt":1769748888722,"status":"passed","title":"should provide positive coaching tips for good form"},{"ancestorTitles":["Squat Form Analysis","Flawed Squat"],"duration":5,"failing":false,"failureDetails":[],"failureMessages":[],"fullName":"Squat Form Analysis Flawed Squat should detect knee cave issue","invocations":1,"location":null,"numPassingAsserts":1,"retryReasons":[],"startAt":1769748888726,"status":"passed","title":"should detect knee cave issue"},{"ancestorTitles":["Squat Form Analysis","Flawed Squat"],"duration":11,"failing":false,"failureDetails":[],"failureMessages":[],"fullName":"Squat Form Analysis Flawed Squat should penalize score for form issues","invocations":1,"location":null,"numPassingAsserts":1,"retryReasons":[],"startAt":1769748888731,"status":"passed","title":"should penalize score for form issues"},{"ancestorTitles":["Squat Form Analysis","Flawed Squat"],"duration":4,"failing":false,"failureDetails":[],"failureMessages":[],"fullName":"Squat Form Analysis Flawed Squat should provide corrective tips for form issues","invocations":1,"location":null,"numPassingAsserts":2,"retryReasons":[],"startAt":1769748888742,"status":"passed","title":"should provide corrective tips for form issues"},{"ancestorTitles":["Squat Form Analysis","Input Validation"],"duration":2,"failing":false,"failureDetails":[],"failureMessages":[],"fullName":"Squat Form Analysis Input Validation should handle insufficient frames","invocations":1,"location":null,"numPassingAsserts":3,"retryReasons":[],"startAt":1769748888746,"status":"passed","title":"should handle insufficient frames"},{"ancestorTitles":["Squat Form Analysis","Input Validation"],"duration":6,"failing":false,"failureDetails":[],"failureMessages":[],"fullName":"Squat Form Analysis Input Validation should handle invalid frames","invocations":1,"location":null,"numPassingAsserts":2,"retryReasons":[],"startAt":1769748888748,"status":"passed","title":"should handle invalid frames"},{"ancestorTitles":["Squat Form Analysis","Input Validation"],"duration":4,"failing":false,"failureDetails":[],"failureMessages":[],"fullName":"Squat Form Analysis Input Validation should handle low confidence landmarks","invocations":1,"location":null,"numPassingAsserts":1,"retryReasons":[],"startAt":1769748888754,"status":"passed","title":"should handle low confidence landmarks"},{"ancestorTitles":["Squat Form Analysis","Configuration"],"duration":3,"failing":false,"failureDetails":[],"failureMessages":[],"fullName":"Squat Form Analysis Configuration should use default config when not provided","invocations":1,"location":null,"numPassingAsserts":3,"retryReasons":[],"startAt":1769748888758,"status":"passed","title":"should use default config when not provided"},{"ancestorTitles":["Squat Form Analysis","Configuration"],"duration":3,"failing":false,"failureDetails":[],"failureMessages":[],"fullName":"Squat Form Analysis Configuration should accept custom config","invocations":1,"location":null,"numPassingAsserts":2,"retryReasons":[],"startAt":1769748888762,"status":"passed","title":"should accept custom config"},{"ancestorTitles":["Squat Form Analysis","Metrics"],"duration":5,"failing":false,"failureDetails":[],"failureMessages":[],"fullName":"Squat Form Analysis Metrics should calculate metrics correctly","invocations":1,"location":null,"numPassingAsserts":3,"retryReasons":[],"startAt":1769748888765,"status":"passed","title":"should calculate metrics correctly"},{"ancestorTitles":["Squat Form Analysis","Metrics"],"duration":3,"failing":false,"failureDetails":[],"failureMessages":[],"fullName":"Squat Form Analysis Metrics should track frame count","invocations":1,"location":null,"numPassingAsserts":1,"retryReasons":[],"startAt":1769748888770,"status":"passed","title":"should track frame count"},{"ancestorTitles":["Deadlift Form Analysis","Perfect Deadlift"],"duration":43,"failing":false,"failureDetails":[],"failureMessages":[],"fullName":"Deadlift Form Analysis Perfect Deadlift should analyze deadlift with structure","invocations":1,"location":null,"numPassingAsserts":3,"retryReasons":[],"startAt":1769748888774,"status":"passed","title":"should analyze deadlift with structure"},{"ancestorTitles":["Deadlift Form Analysis","Perfect Deadlift"],"duration":4,"failing":false,"failureDetails":[],"failureMessages":[],"fullName":"Deadlift Form Analysis Perfect Deadlift should have minimal issues for perfect deadlift","invocations":1,"location":null,"numPassingAsserts":2,"retryReasons":[],"startAt":1769748888817,"status":"passed","title":"should have minimal issues for perfect deadlift"},{"ancestorTitles":["Deadlift Form Analysis","Perfect Deadlift"],"duration":5,"failing":false,"failureDetails":[],"failureMessages":[],"fullName":"Deadlift Form Analysis Perfect Deadlift should provide coaching tips for good form","invocations":1,"location":null,"numPassingAsserts":1,"retryReasons":[],"startAt":1769748888821,"status":"passed","title":"should provide coaching tips for good form"},{"ancestorTitles":["Deadlift Form Analysis","Flawed Deadlift"],"duration":3,"failing":false,"failureDetails":[],"failureMessages":[],"fullName":"Deadlift Form Analysis Flawed Deadlift should detect rounded back issue","invocations":1,"location":null,"numPassingAsserts":1,"retryReasons":[],"startAt":1769748888827,"status":"passed","title":"should detect rounded back issue"},{"ancestorTitles":["Deadlift Form Analysis","Flawed Deadlift"],"duration":2,"failing":false,"failureDetails":[],"failureMessages":[],"fullName":"Deadlift Form Analysis Flawed Deadlift should detect incomplete knee extension","invocations":1,"location":null,"numPassingAsserts":1,"retryReasons":[],"startAt":1769748888830,"status":"passed","title":"should detect incomplete knee extension"},{"ancestorTitles":["Deadlift Form Analysis","Flawed Deadlift"],"duration":2,"failing":false,"failureDetails":[],"failureMessages":[],"fullName":"Deadlift Form Analysis Flawed Deadlift should penalize score for form issues","invocations":1,"location":null,"numPassingAsserts":1,"retryReasons":[],"startAt":1769748888833,"status":"passed","title":"should penalize score for form issues"},{"ancestorTitles":["Deadlift Form Analysis","Input Validation"],"duration":0,"failing":false,"failureDetails":[],"failureMessages":[],"fullName":"Deadlift Form Analysis Input Validation should handle insufficient frames","invocations":1,"location":null,"numPassingAsserts":2,"retryReasons":[],"startAt":1769748888836,"status":"passed","title":"should handle insufficient frames"},{"ancestorTitles":["Form Analysis Config"],"duration":1,"failing":false,"failureDetails":[],"failureMessages":[],"fullName":"Form Analysis Config should have valid default config","invocations":1,"location":null,"numPassingAsserts":4,"retryReasons":[],"startAt":1769748888836,"status":"passed","title":"should have valid default config"},{"ancestorTitles":["Form Analysis Config"],"duration":0,"failing":false,"failureDetails":[],"failureMessages":[],"fullName":"Form Analysis Config should have threshold values in reasonable ranges","invocations":1,"location":null,"numPassingAsserts":3,"retryReasons":[],"startAt":1769748888837,"status":"passed","title":"should have threshold values in reasonable ranges"}],"endTime":1769748888840,"message":"","name":"C:\\Users\\sergi\\Spartan hub 2.0\\spartan-hub\\src\\__tests__\\utils\\formAnalysis.test.ts","startTime":1769748886778,"status":"passed","summary":""},{"assertionResults":[{"ancestorTitles":["AI Service"],"duration":1169,"failing":false,"failureDetails":[],"failureMessages":[],"fullName":"AI Service should be able to import aiService functions","invocations":1,"location":null,"numPassingAsserts":1,"retryReasons":[],"startAt":1769748887998,"status":"passed","title":"should be able to import aiService functions"},{"ancestorTitles":["AI Service"],"duration":1,"failing":false,"failureDetails":[],"failureMessages":[],"fullName":"AI Service should have callOllama function","invocations":1,"location":null,"numPassingAsserts":1,"retryReasons":[],"startAt":1769748889168,"status":"passed","title":"should have callOllama function"},{"ancestorTitles":["AI Service"],"duration":0,"failing":false,"failureDetails":[],"failureMessages":[],"fullName":"AI Service should have processUserCommand function","invocations":1,"location":null,"numPassingAsserts":1,"retryReasons":[],"startAt":1769748889169,"status":"passed","title":"should have processUserCommand function"}],"endTime":1769748889171,"message":"","name":"C:\\Users\\sergi\\Spartan hub 2.0\\spartan-hub\\src\\__tests__\\aiService.test.js","startTime":1769748886739,"status":"passed","summary":""},{"assertionResults":[{"ancestorTitles":["AiChat Component"],"duration":1541,"failing":false,"failureDetails":[],"failureMessages":[],"fullName":"AiChat Component should be able to import AiChat component","invocations":1,"location":null,"numPassingAsserts":1,"retryReasons":[],"startAt":1769748887917,"status":"passed","title":"should be able to import AiChat component"}],"endTime":1769748889460,"message":"","name":"C:\\Users\\sergi\\Spartan hub 2.0\\spartan-hub\\src\\__tests__\\AiChat.test.js","startTime":1769748886691,"status":"passed","summary":""},{"assertionResults":[{"ancestorTitles":["AiErrorScreen"],"duration":1,"failing":false,"failureDetails":[],"failureMessages":[],"fullName":"AiErrorScreen should be able to import the component","invocations":1,"location":null,"numPassingAsserts":1,"retryReasons":[],"startAt":1769748889536,"status":"passed","title":"should be able to import the component"},{"ancestorTitles":["AiErrorScreen"],"duration":103,"failing":false,"failureDetails":[],"failureMessages":[],"fullName":"AiErrorScreen renders error screen with generic error message","invocations":1,"location":null,"numPassingAsserts":6,"retryReasons":[],"startAt":1769748889537,"status":"passed","title":"renders error screen with generic error message"},{"ancestorTitles":["AiErrorScreen"],"duration":8,"failing":false,"failureDetails":[],"failureMessages":[],"fullName":"AiErrorScreen renders error screen with Ollama timeout message","invocations":1,"location":null,"numPassingAsserts":2,"retryReasons":[],"startAt":1769748889640,"status":"passed","title":"renders error screen with Ollama timeout message"},{"ancestorTitles":["AiErrorScreen"],"duration":20,"failing":false,"failureDetails":[],"failureMessages":[],"fullName":"AiErrorScreen calls onRetry when retry button is clicked","invocations":1,"location":null,"numPassingAsserts":1,"retryReasons":[],"startAt":1769748889648,"status":"passed","title":"calls onRetry when retry button is clicked"},{"ancestorTitles":["AiErrorScreen"],"duration":17,"failing":false,"failureDetails":[],"failureMessages":[],"fullName":"AiErrorScreen calls onGoHome when go home button is clicked","invocations":1,"location":null,"numPassingAsserts":1,"retryReasons":[],"startAt":1769748889668,"status":"passed","title":"calls onGoHome when go home button is clicked"}],"endTime":1769748889686,"message":"","name":"C:\\Users\\sergi\\Spartan hub 2.0\\spartan-hub\\src\\__tests__\\AiErrorScreen.test.tsx","startTime":1769748889236,"status":"passed","summary":""}],"wasInterrupted":false}
